/*
 *  CMSIS Pack Debug Access Sequence Log
 *  File        : C:\repo\stm32f103c8\sdk_2025\sdk2025_Sequences_0013.log
 *  Created     : 07:55:22 (03/04/2025)
 *  Device      : STM32F103C8
 *  PDSC File   : C:/Keil_v5/ARM/Packs/Keil/STM32F1xx_DFP/2.4.1/Keil.STM32F1xx_DFP.pdsc
 *  Config File : C:\repo\stm32f103c8\sdk_2025\DebugConfig\sdk_STM32F103C8_1.0.0.dbgconf
 *
 */

[07:55:22.429]  **********  Sequence "DebugDeviceUnlock"  (Context="Target Access", Pname="", info="")
[07:55:22.429]  
[07:55:22.430]  <debugvars>
[07:55:22.430]    // Pre-defined
[07:55:22.431]    __protocol=0x00010002      (Protocol="SWD", SWJ-DP="True")
[07:55:22.431]    __connection=0x00000202    (Connection Type="Flash", Reset Type="System Reset")
[07:55:22.432]    __dp=0x00000000
[07:55:22.432]    __ap=0x00000000
[07:55:22.432]    __traceout=0x00000001      (SWO Trace)
[07:55:22.432]    __errorcontrol=0x00000000  (Skip Errors="False")
[07:55:22.433]    __FlashAddr=0x00000000
[07:55:22.433]    __FlashLen=0x00000000
[07:55:22.433]    __FlashArg=0x00000000
[07:55:22.433]    __FlashOp=0x00000000
[07:55:22.433]    __Result=0x00000000
[07:55:22.434]    
[07:55:22.434]    // User-defined
[07:55:22.434]    DbgMCU_CR=0x00000007
[07:55:22.434]  </debugvars>
[07:55:22.434]  
[07:55:22.434]  <sequence name="DebugDeviceUnlock" Pname="" disable="false" info="">
[07:55:22.434]    <block atomic="false" info="">
[07:55:22.435]      Sequence("CheckID");
[07:55:22.435]        <sequence name="CheckID" Pname="" disable="false" info="">
[07:55:22.435]          <block atomic="false" info="">
[07:55:22.435]            __var pidr1 = 0;
[07:55:22.435]              // -> [pidr1 <= 0x00000000]
[07:55:22.435]            __var pidr2 = 0;
[07:55:22.436]              // -> [pidr2 <= 0x00000000]
[07:55:22.436]            __var jep106id = 0;
[07:55:22.436]              // -> [jep106id <= 0x00000000]
[07:55:22.436]            __var ROMTableBase = 0;
[07:55:22.436]              // -> [ROMTableBase <= 0x00000000]
[07:55:22.436]            __ap = 0;      // AHB-AP
[07:55:22.437]              // -> [__ap <= 0x00000000]
[07:55:22.437]            ROMTableBase = ReadAP(0xF8) & ~0x3;
[07:55:22.437]              // -> [ReadAP(0x000000F8) => 0xE00FF003]   (__dp=0x00000000, __ap=0x00000000)
[07:55:22.437]              // -> [ROMTableBase <= 0xE00FF000]
[07:55:22.437]            pidr1 = Read32(ROMTableBase + 0x0FE4);
[07:55:22.438]              // -> [Read32(0xE00FFFE4) => 0x00000004]   (__dp=0x00000000, __ap=0x00000000)
[07:55:22.438]              // -> [pidr1 <= 0x00000004]
[07:55:22.438]            pidr2 = Read32(ROMTableBase + 0x0FE8);
[07:55:22.439]              // -> [Read32(0xE00FFFE8) => 0x0000000A]   (__dp=0x00000000, __ap=0x00000000)
[07:55:22.439]              // -> [pidr2 <= 0x0000000A]
[07:55:22.439]            jep106id = ((pidr2 & 0x7) << 4 ) | ((pidr1 >> 4) & 0xF);
[07:55:22.439]              // -> [jep106id <= 0x00000020]
[07:55:22.440]          </block>
[07:55:22.440]          <control if="jep106id != 0x20" while="" timeout="0" info="">
[07:55:22.440]            // if-block "jep106id != 0x20"
[07:55:22.440]              // =>  FALSE
[07:55:22.440]            // skip if-block "jep106id != 0x20"
[07:55:22.440]          </control>
[07:55:22.441]        </sequence>
[07:55:22.441]    </block>
[07:55:22.441]  </sequence>
[07:55:22.441]  
[07:55:22.441]  **********  Sequence "DebugCoreStart"  (Context="Target Access", Pname="", info="")
[07:55:22.441]  
[07:55:22.442]  <debugvars>
[07:55:22.442]    // Pre-defined
[07:55:22.443]    __protocol=0x00010002      (Protocol="SWD", SWJ-DP="True")
[07:55:22.443]    __connection=0x00000202    (Connection Type="Flash", Reset Type="System Reset")
[07:55:22.443]    __dp=0x00000000
[07:55:22.443]    __ap=0x00000000
[07:55:22.443]    __traceout=0x00000001      (SWO Trace)
[07:55:22.443]    __errorcontrol=0x00000000  (Skip Errors="False")
[07:55:22.443]    __FlashAddr=0x00000000
[07:55:22.444]    __FlashLen=0x00000000
[07:55:22.444]    __FlashArg=0x00000000
[07:55:22.444]    __FlashOp=0x00000000
[07:55:22.444]    __Result=0x00000000
[07:55:22.444]    
[07:55:22.444]    // User-defined
[07:55:22.444]    DbgMCU_CR=0x00000007
[07:55:22.445]  </debugvars>
[07:55:22.445]  
[07:55:22.445]  <sequence name="DebugCoreStart" Pname="" disable="false" info="">
[07:55:22.445]    <block atomic="false" info="">
[07:55:22.445]      Write32(0xE000EDF0, 0xA05F0001);                                        // Enable Core Debug via DHCSR
[07:55:22.446]        // -> [Write32(0xE000EDF0, 0xA05F0001)]   (__dp=0x00000000, __ap=0x00000000)
[07:55:22.446]      Write32(0xE0042004, DbgMCU_CR);                                         // DBGMCU_CR: Configure MCU Debug
[07:55:22.447]        // -> [Write32(0xE0042004, 0x00000007)]   (__dp=0x00000000, __ap=0x00000000)
[07:55:22.447]    </block>
[07:55:22.447]  </sequence>
[07:55:22.447]  
[08:12:57.621]  **********  Sequence "DebugDeviceUnlock"  (Context="Target Access", Pname="", info="")
[08:12:57.621]  
[08:12:57.622]  <debugvars>
[08:12:57.622]    // Pre-defined
[08:12:57.622]    __protocol=0x00010002      (Protocol="SWD", SWJ-DP="True")
[08:12:57.622]    __connection=0x00000202    (Connection Type="Flash", Reset Type="System Reset")
[08:12:57.623]    __dp=0x00000000
[08:12:57.623]    __ap=0x00000000
[08:12:57.623]    __traceout=0x00000001      (SWO Trace)
[08:12:57.623]    __errorcontrol=0x00000000  (Skip Errors="False")
[08:12:57.623]    __FlashAddr=0x00000000
[08:12:57.623]    __FlashLen=0x00000000
[08:12:57.624]    __FlashArg=0x00000000
[08:12:57.624]    __FlashOp=0x00000000
[08:12:57.624]    __Result=0x00000000
[08:12:57.624]    
[08:12:57.624]    // User-defined
[08:12:57.624]    DbgMCU_CR=0x00000007
[08:12:57.624]  </debugvars>
[08:12:57.625]  
[08:12:57.625]  <sequence name="DebugDeviceUnlock" Pname="" disable="false" info="">
[08:12:57.625]    <block atomic="false" info="">
[08:12:57.625]      Sequence("CheckID");
[08:12:57.625]        <sequence name="CheckID" Pname="" disable="false" info="">
[08:12:57.625]          <block atomic="false" info="">
[08:12:57.626]            __var pidr1 = 0;
[08:12:57.626]              // -> [pidr1 <= 0x00000000]
[08:12:57.626]            __var pidr2 = 0;
[08:12:57.626]              // -> [pidr2 <= 0x00000000]
[08:12:57.626]            __var jep106id = 0;
[08:12:57.626]              // -> [jep106id <= 0x00000000]
[08:12:57.626]            __var ROMTableBase = 0;
[08:12:57.627]              // -> [ROMTableBase <= 0x00000000]
[08:12:57.627]            __ap = 0;      // AHB-AP
[08:12:57.627]              // -> [__ap <= 0x00000000]
[08:12:57.627]            ROMTableBase = ReadAP(0xF8) & ~0x3;
[08:12:57.627]              // -> [ReadAP(0x000000F8) => 0xE00FF003]   (__dp=0x00000000, __ap=0x00000000)
[08:12:57.628]              // -> [ROMTableBase <= 0xE00FF000]
[08:12:57.628]            pidr1 = Read32(ROMTableBase + 0x0FE4);
[08:12:57.629]              // -> [Read32(0xE00FFFE4) => 0x00000004]   (__dp=0x00000000, __ap=0x00000000)
[08:12:57.629]              // -> [pidr1 <= 0x00000004]
[08:12:57.629]            pidr2 = Read32(ROMTableBase + 0x0FE8);
[08:12:57.630]              // -> [Read32(0xE00FFFE8) => 0x0000000A]   (__dp=0x00000000, __ap=0x00000000)
[08:12:57.630]              // -> [pidr2 <= 0x0000000A]
[08:12:57.630]            jep106id = ((pidr2 & 0x7) << 4 ) | ((pidr1 >> 4) & 0xF);
[08:12:57.630]              // -> [jep106id <= 0x00000020]
[08:12:57.630]          </block>
[08:12:57.630]          <control if="jep106id != 0x20" while="" timeout="0" info="">
[08:12:57.631]            // if-block "jep106id != 0x20"
[08:12:57.631]              // =>  FALSE
[08:12:57.631]            // skip if-block "jep106id != 0x20"
[08:12:57.631]          </control>
[08:12:57.631]        </sequence>
[08:12:57.631]    </block>
[08:12:57.631]  </sequence>
[08:12:57.632]  
[08:12:57.632]  **********  Sequence "DebugCoreStart"  (Context="Target Access", Pname="", info="")
[08:12:57.632]  
[08:12:57.632]  <debugvars>
[08:12:57.632]    // Pre-defined
[08:12:57.632]    __protocol=0x00010002      (Protocol="SWD", SWJ-DP="True")
[08:12:57.633]    __connection=0x00000202    (Connection Type="Flash", Reset Type="System Reset")
[08:12:57.633]    __dp=0x00000000
[08:12:57.633]    __ap=0x00000000
[08:12:57.633]    __traceout=0x00000001      (SWO Trace)
[08:12:57.633]    __errorcontrol=0x00000000  (Skip Errors="False")
[08:12:57.633]    __FlashAddr=0x00000000
[08:12:57.634]    __FlashLen=0x00000000
[08:12:57.634]    __FlashArg=0x00000000
[08:12:57.634]    __FlashOp=0x00000000
[08:12:57.634]    __Result=0x00000000
[08:12:57.634]    
[08:12:57.634]    // User-defined
[08:12:57.634]    DbgMCU_CR=0x00000007
[08:12:57.635]  </debugvars>
[08:12:57.635]  
[08:12:57.635]  <sequence name="DebugCoreStart" Pname="" disable="false" info="">
[08:12:57.635]    <block atomic="false" info="">
[08:12:57.635]      Write32(0xE000EDF0, 0xA05F0001);                                        // Enable Core Debug via DHCSR
[08:12:57.636]        // -> [Write32(0xE000EDF0, 0xA05F0001)]   (__dp=0x00000000, __ap=0x00000000)
[08:12:57.636]      Write32(0xE0042004, DbgMCU_CR);                                         // DBGMCU_CR: Configure MCU Debug
[08:12:57.637]        // -> [Write32(0xE0042004, 0x00000007)]   (__dp=0x00000000, __ap=0x00000000)
[08:12:57.637]    </block>
[08:12:57.637]  </sequence>
[08:12:57.637]  
[08:13:28.117]  **********  Sequence "DebugDeviceUnlock"  (Context="Target Access", Pname="", info="")
[08:13:28.117]  
[08:13:28.117]  <debugvars>
[08:13:28.118]    // Pre-defined
[08:13:28.118]    __protocol=0x00010002      (Protocol="SWD", SWJ-DP="True")
[08:13:28.118]    __connection=0x00000202    (Connection Type="Flash", Reset Type="System Reset")
[08:13:28.118]    __dp=0x00000000
[08:13:28.118]    __ap=0x00000000
[08:13:28.119]    __traceout=0x00000001      (SWO Trace)
[08:13:28.119]    __errorcontrol=0x00000000  (Skip Errors="False")
[08:13:28.119]    __FlashAddr=0x00000000
[08:13:28.119]    __FlashLen=0x00000000
[08:13:28.119]    __FlashArg=0x00000000
[08:13:28.119]    __FlashOp=0x00000000
[08:13:28.119]    __Result=0x00000000
[08:13:28.119]    
[08:13:28.119]    // User-defined
[08:13:28.120]    DbgMCU_CR=0x00000007
[08:13:28.120]  </debugvars>
[08:13:28.120]  
[08:13:28.120]  <sequence name="DebugDeviceUnlock" Pname="" disable="false" info="">
[08:13:28.120]    <block atomic="false" info="">
[08:13:28.120]      Sequence("CheckID");
[08:13:28.121]        <sequence name="CheckID" Pname="" disable="false" info="">
[08:13:28.121]          <block atomic="false" info="">
[08:13:28.121]            __var pidr1 = 0;
[08:13:28.121]              // -> [pidr1 <= 0x00000000]
[08:13:28.121]            __var pidr2 = 0;
[08:13:28.122]              // -> [pidr2 <= 0x00000000]
[08:13:28.122]            __var jep106id = 0;
[08:13:28.122]              // -> [jep106id <= 0x00000000]
[08:13:28.122]            __var ROMTableBase = 0;
[08:13:28.122]              // -> [ROMTableBase <= 0x00000000]
[08:13:28.122]            __ap = 0;      // AHB-AP
[08:13:28.122]              // -> [__ap <= 0x00000000]
[08:13:28.123]            ROMTableBase = ReadAP(0xF8) & ~0x3;
[08:13:28.123]              // -> [ReadAP(0x000000F8) => 0xE00FF003]   (__dp=0x00000000, __ap=0x00000000)
[08:13:28.123]              // -> [ROMTableBase <= 0xE00FF000]
[08:13:28.123]            pidr1 = Read32(ROMTableBase + 0x0FE4);
[08:13:28.124]              // -> [Read32(0xE00FFFE4) => 0x00000004]   (__dp=0x00000000, __ap=0x00000000)
[08:13:28.124]              // -> [pidr1 <= 0x00000004]
[08:13:28.124]            pidr2 = Read32(ROMTableBase + 0x0FE8);
[08:13:28.125]              // -> [Read32(0xE00FFFE8) => 0x0000000A]   (__dp=0x00000000, __ap=0x00000000)
[08:13:28.125]              // -> [pidr2 <= 0x0000000A]
[08:13:28.125]            jep106id = ((pidr2 & 0x7) << 4 ) | ((pidr1 >> 4) & 0xF);
[08:13:28.125]              // -> [jep106id <= 0x00000020]
[08:13:28.125]          </block>
[08:13:28.126]          <control if="jep106id != 0x20" while="" timeout="0" info="">
[08:13:28.126]            // if-block "jep106id != 0x20"
[08:13:28.126]              // =>  FALSE
[08:13:28.126]            // skip if-block "jep106id != 0x20"
[08:13:28.126]          </control>
[08:13:28.126]        </sequence>
[08:13:28.126]    </block>
[08:13:28.127]  </sequence>
[08:13:28.127]  
[08:13:28.127]  **********  Sequence "DebugCoreStart"  (Context="Target Access", Pname="", info="")
[08:13:28.127]  
[08:13:28.127]  <debugvars>
[08:13:28.127]    // Pre-defined
[08:13:28.128]    __protocol=0x00010002      (Protocol="SWD", SWJ-DP="True")
[08:13:28.128]    __connection=0x00000202    (Connection Type="Flash", Reset Type="System Reset")
[08:13:28.128]    __dp=0x00000000
[08:13:28.128]    __ap=0x00000000
[08:13:28.128]    __traceout=0x00000001      (SWO Trace)
[08:13:28.128]    __errorcontrol=0x00000000  (Skip Errors="False")
[08:13:28.129]    __FlashAddr=0x00000000
[08:13:28.129]    __FlashLen=0x00000000
[08:13:28.129]    __FlashArg=0x00000000
[08:13:28.129]    __FlashOp=0x00000000
[08:13:28.129]    __Result=0x00000000
[08:13:28.129]    
[08:13:28.129]    // User-defined
[08:13:28.130]    DbgMCU_CR=0x00000007
[08:13:28.130]  </debugvars>
[08:13:28.130]  
[08:13:28.130]  <sequence name="DebugCoreStart" Pname="" disable="false" info="">
[08:13:28.130]    <block atomic="false" info="">
[08:13:28.130]      Write32(0xE000EDF0, 0xA05F0001);                                        // Enable Core Debug via DHCSR
[08:13:28.131]        // -> [Write32(0xE000EDF0, 0xA05F0001)]   (__dp=0x00000000, __ap=0x00000000)
[08:13:28.131]      Write32(0xE0042004, DbgMCU_CR);                                         // DBGMCU_CR: Configure MCU Debug
[08:13:28.132]        // -> [Write32(0xE0042004, 0x00000007)]   (__dp=0x00000000, __ap=0x00000000)
[08:13:28.132]    </block>
[08:13:28.132]  </sequence>
[08:13:28.132]  
