/*
 *  CMSIS Pack Debug Access Sequence Log
 *  File        : C:\repo\stm32f103c8\sdk_2025\sdk2025_Sequences_0003.log
 *  Created     : 11:43:09 (23/03/2025)
 *  Device      : STM32F103C8
 *  PDSC File   : C:/Keil_v5/ARM/Packs/Keil/STM32F1xx_DFP/2.4.1/Keil.STM32F1xx_DFP.pdsc
 *  Config File : C:\repo\stm32f103c8\sdk_2025\DebugConfig\sdk_STM32F103C8_1.0.0.dbgconf
 *
 */

[11:43:09.813]  **********  Sequence "DebugDeviceUnlock"  (Context="Target Access", Pname="", info="")
[11:43:09.813]  
[11:43:09.814]  <debugvars>
[11:43:09.815]    // Pre-defined
[11:43:09.815]    __protocol=0x00010002      (Protocol="SWD", SWJ-DP="True")
[11:43:09.815]    __connection=0x00000202    (Connection Type="Flash", Reset Type="System Reset")
[11:43:09.816]    __dp=0x00000000
[11:43:09.816]    __ap=0x00000000
[11:43:09.816]    __traceout=0x00000001      (SWO Trace)
[11:43:09.816]    __errorcontrol=0x00000000  (Skip Errors="False")
[11:43:09.816]    __FlashAddr=0x00000000
[11:43:09.817]    __FlashLen=0x00000000
[11:43:09.817]    __FlashArg=0x00000000
[11:43:09.817]    __FlashOp=0x00000000
[11:43:09.817]    __Result=0x00000000
[11:43:09.817]    
[11:43:09.817]    // User-defined
[11:43:09.817]    DbgMCU_CR=0x00000007
[11:43:09.818]  </debugvars>
[11:43:09.818]  
[11:43:09.818]  <sequence name="DebugDeviceUnlock" Pname="" disable="false" info="">
[11:43:09.818]    <block atomic="false" info="">
[11:43:09.818]      Sequence("CheckID");
[11:43:09.818]        <sequence name="CheckID" Pname="" disable="false" info="">
[11:43:09.819]          <block atomic="false" info="">
[11:43:09.819]            __var pidr1 = 0;
[11:43:09.819]              // -> [pidr1 <= 0x00000000]
[11:43:09.819]            __var pidr2 = 0;
[11:43:09.819]              // -> [pidr2 <= 0x00000000]
[11:43:09.819]            __var jep106id = 0;
[11:43:09.820]              // -> [jep106id <= 0x00000000]
[11:43:09.820]            __var ROMTableBase = 0;
[11:43:09.820]              // -> [ROMTableBase <= 0x00000000]
[11:43:09.820]            __ap = 0;      // AHB-AP
[11:43:09.820]              // -> [__ap <= 0x00000000]
[11:43:09.820]            ROMTableBase = ReadAP(0xF8) & ~0x3;
[11:43:09.821]              // -> [ReadAP(0x000000F8) => 0xE00FF003]   (__dp=0x00000000, __ap=0x00000000)
[11:43:09.821]              // -> [ROMTableBase <= 0xE00FF000]
[11:43:09.821]            pidr1 = Read32(ROMTableBase + 0x0FE4);
[11:43:09.822]              // -> [Read32(0xE00FFFE4) => 0x00000004]   (__dp=0x00000000, __ap=0x00000000)
[11:43:09.822]              // -> [pidr1 <= 0x00000004]
[11:43:09.822]            pidr2 = Read32(ROMTableBase + 0x0FE8);
[11:43:09.823]              // -> [Read32(0xE00FFFE8) => 0x0000000A]   (__dp=0x00000000, __ap=0x00000000)
[11:43:09.823]              // -> [pidr2 <= 0x0000000A]
[11:43:09.823]            jep106id = ((pidr2 & 0x7) << 4 ) | ((pidr1 >> 4) & 0xF);
[11:43:09.824]              // -> [jep106id <= 0x00000020]
[11:43:09.824]          </block>
[11:43:09.824]          <control if="jep106id != 0x20" while="" timeout="0" info="">
[11:43:09.824]            // if-block "jep106id != 0x20"
[11:43:09.824]              // =>  FALSE
[11:43:09.824]            // skip if-block "jep106id != 0x20"
[11:43:09.825]          </control>
[11:43:09.825]        </sequence>
[11:43:09.825]    </block>
[11:43:09.825]  </sequence>
[11:43:09.825]  
[11:43:09.825]  **********  Sequence "DebugCoreStart"  (Context="Target Access", Pname="", info="")
[11:43:09.825]  
[11:43:09.826]  <debugvars>
[11:43:09.826]    // Pre-defined
[11:43:09.826]    __protocol=0x00010002      (Protocol="SWD", SWJ-DP="True")
[11:43:09.826]    __connection=0x00000202    (Connection Type="Flash", Reset Type="System Reset")
[11:43:09.826]    __dp=0x00000000
[11:43:09.827]    __ap=0x00000000
[11:43:09.827]    __traceout=0x00000001      (SWO Trace)
[11:43:09.827]    __errorcontrol=0x00000000  (Skip Errors="False")
[11:43:09.827]    __FlashAddr=0x00000000
[11:43:09.827]    __FlashLen=0x00000000
[11:43:09.827]    __FlashArg=0x00000000
[11:43:09.828]    __FlashOp=0x00000000
[11:43:09.828]    __Result=0x00000000
[11:43:09.828]    
[11:43:09.828]    // User-defined
[11:43:09.828]    DbgMCU_CR=0x00000007
[11:43:09.828]  </debugvars>
[11:43:09.828]  
[11:43:09.829]  <sequence name="DebugCoreStart" Pname="" disable="false" info="">
[11:43:09.829]    <block atomic="false" info="">
[11:43:09.829]      Write32(0xE000EDF0, 0xA05F0001);                                        // Enable Core Debug via DHCSR
[11:43:09.830]        // -> [Write32(0xE000EDF0, 0xA05F0001)]   (__dp=0x00000000, __ap=0x00000000)
[11:43:09.830]      Write32(0xE0042004, DbgMCU_CR);                                         // DBGMCU_CR: Configure MCU Debug
[11:43:09.830]        // -> [Write32(0xE0042004, 0x00000007)]   (__dp=0x00000000, __ap=0x00000000)
[11:43:09.831]    </block>
[11:43:09.831]  </sequence>
[11:43:09.831]  
[13:15:18.939]  **********  Sequence "DebugDeviceUnlock"  (Context="Target Access", Pname="", info="")
[13:15:18.939]  
[13:15:18.940]  <debugvars>
[13:15:18.940]    // Pre-defined
[13:15:18.940]    __protocol=0x00010002      (Protocol="SWD", SWJ-DP="True")
[13:15:18.941]    __connection=0x00000202    (Connection Type="Flash", Reset Type="System Reset")
[13:15:18.941]    __dp=0x00000000
[13:15:18.941]    __ap=0x00000000
[13:15:18.941]    __traceout=0x00000001      (SWO Trace)
[13:15:18.941]    __errorcontrol=0x00000000  (Skip Errors="False")
[13:15:18.941]    __FlashAddr=0x00000000
[13:15:18.941]    __FlashLen=0x00000000
[13:15:18.942]    __FlashArg=0x00000000
[13:15:18.942]    __FlashOp=0x00000000
[13:15:18.942]    __Result=0x00000000
[13:15:18.942]    
[13:15:18.942]    // User-defined
[13:15:18.942]    DbgMCU_CR=0x00000007
[13:15:18.942]  </debugvars>
[13:15:18.943]  
[13:15:18.943]  <sequence name="DebugDeviceUnlock" Pname="" disable="false" info="">
[13:15:18.943]    <block atomic="false" info="">
[13:15:18.943]      Sequence("CheckID");
[13:15:18.943]        <sequence name="CheckID" Pname="" disable="false" info="">
[13:15:18.943]          <block atomic="false" info="">
[13:15:18.944]            __var pidr1 = 0;
[13:15:18.944]              // -> [pidr1 <= 0x00000000]
[13:15:18.944]            __var pidr2 = 0;
[13:15:18.944]              // -> [pidr2 <= 0x00000000]
[13:15:18.944]            __var jep106id = 0;
[13:15:18.944]              // -> [jep106id <= 0x00000000]
[13:15:18.945]            __var ROMTableBase = 0;
[13:15:18.945]              // -> [ROMTableBase <= 0x00000000]
[13:15:18.945]            __ap = 0;      // AHB-AP
[13:15:18.945]              // -> [__ap <= 0x00000000]
[13:15:18.945]            ROMTableBase = ReadAP(0xF8) & ~0x3;
[13:15:18.946]              // -> [ReadAP(0x000000F8) => 0xE00FF003]   (__dp=0x00000000, __ap=0x00000000)
[13:15:18.946]              // -> [ROMTableBase <= 0xE00FF000]
[13:15:18.946]            pidr1 = Read32(ROMTableBase + 0x0FE4);
[13:15:18.946]              // -> [Read32(0xE00FFFE4) => 0x00000004]   (__dp=0x00000000, __ap=0x00000000)
[13:15:18.947]              // -> [pidr1 <= 0x00000004]
[13:15:18.947]            pidr2 = Read32(ROMTableBase + 0x0FE8);
[13:15:18.947]              // -> [Read32(0xE00FFFE8) => 0x0000000A]   (__dp=0x00000000, __ap=0x00000000)
[13:15:18.947]              // -> [pidr2 <= 0x0000000A]
[13:15:18.948]            jep106id = ((pidr2 & 0x7) << 4 ) | ((pidr1 >> 4) & 0xF);
[13:15:18.948]              // -> [jep106id <= 0x00000020]
[13:15:18.948]          </block>
[13:15:18.948]          <control if="jep106id != 0x20" while="" timeout="0" info="">
[13:15:18.948]            // if-block "jep106id != 0x20"
[13:15:18.948]              // =>  FALSE
[13:15:18.949]            // skip if-block "jep106id != 0x20"
[13:15:18.949]          </control>
[13:15:18.949]        </sequence>
[13:15:18.949]    </block>
[13:15:18.949]  </sequence>
[13:15:18.949]  
[13:15:18.950]  **********  Sequence "DebugCoreStart"  (Context="Target Access", Pname="", info="")
[13:15:18.950]  
[13:15:18.950]  <debugvars>
[13:15:18.950]    // Pre-defined
[13:15:18.950]    __protocol=0x00010002      (Protocol="SWD", SWJ-DP="True")
[13:15:18.950]    __connection=0x00000202    (Connection Type="Flash", Reset Type="System Reset")
[13:15:18.951]    __dp=0x00000000
[13:15:18.951]    __ap=0x00000000
[13:15:18.951]    __traceout=0x00000001      (SWO Trace)
[13:15:18.951]    __errorcontrol=0x00000000  (Skip Errors="False")
[13:15:18.951]    __FlashAddr=0x00000000
[13:15:18.951]    __FlashLen=0x00000000
[13:15:18.952]    __FlashArg=0x00000000
[13:15:18.952]    __FlashOp=0x00000000
[13:15:18.952]    __Result=0x00000000
[13:15:18.952]    
[13:15:18.952]    // User-defined
[13:15:18.952]    DbgMCU_CR=0x00000007
[13:15:18.952]  </debugvars>
[13:15:18.953]  
[13:15:18.953]  <sequence name="DebugCoreStart" Pname="" disable="false" info="">
[13:15:18.953]    <block atomic="false" info="">
[13:15:18.953]      Write32(0xE000EDF0, 0xA05F0001);                                        // Enable Core Debug via DHCSR
[13:15:18.954]        // -> [Write32(0xE000EDF0, 0xA05F0001)]   (__dp=0x00000000, __ap=0x00000000)
[13:15:18.954]      Write32(0xE0042004, DbgMCU_CR);                                         // DBGMCU_CR: Configure MCU Debug
[13:15:18.955]        // -> [Write32(0xE0042004, 0x00000007)]   (__dp=0x00000000, __ap=0x00000000)
[13:15:18.955]    </block>
[13:15:18.955]  </sequence>
[13:15:18.956]  
[17:49:47.960]  **********  Sequence "DebugDeviceUnlock"  (Context="Target Access", Pname="", info="")
[17:49:47.960]  
[17:49:47.961]  <debugvars>
[17:49:47.961]    // Pre-defined
[17:49:47.961]    __protocol=0x00010002      (Protocol="SWD", SWJ-DP="True")
[17:49:47.962]    __connection=0x00000202    (Connection Type="Flash", Reset Type="System Reset")
[17:49:47.962]    __dp=0x00000000
[17:49:47.962]    __ap=0x00000000
[17:49:47.962]    __traceout=0x00000001      (SWO Trace)
[17:49:47.962]    __errorcontrol=0x00000000  (Skip Errors="False")
[17:49:47.963]    __FlashAddr=0x00000000
[17:49:47.963]    __FlashLen=0x00000000
[17:49:47.963]    __FlashArg=0x00000000
[17:49:47.963]    __FlashOp=0x00000000
[17:49:47.963]    __Result=0x00000000
[17:49:47.964]    
[17:49:47.964]    // User-defined
[17:49:47.964]    DbgMCU_CR=0x00000007
[17:49:47.964]  </debugvars>
[17:49:47.964]  
[17:49:47.964]  <sequence name="DebugDeviceUnlock" Pname="" disable="false" info="">
[17:49:47.964]    <block atomic="false" info="">
[17:49:47.965]      Sequence("CheckID");
[17:49:47.965]        <sequence name="CheckID" Pname="" disable="false" info="">
[17:49:47.965]          <block atomic="false" info="">
[17:49:47.965]            __var pidr1 = 0;
[17:49:47.965]              // -> [pidr1 <= 0x00000000]
[17:49:47.965]            __var pidr2 = 0;
[17:49:47.965]              // -> [pidr2 <= 0x00000000]
[17:49:47.965]            __var jep106id = 0;
[17:49:47.966]              // -> [jep106id <= 0x00000000]
[17:49:47.966]            __var ROMTableBase = 0;
[17:49:47.966]              // -> [ROMTableBase <= 0x00000000]
[17:49:47.966]            __ap = 0;      // AHB-AP
[17:49:47.966]              // -> [__ap <= 0x00000000]
[17:49:47.966]            ROMTableBase = ReadAP(0xF8) & ~0x3;
[17:49:47.967]              // -> [ReadAP(0x000000F8) => 0xE00FF003]   (__dp=0x00000000, __ap=0x00000000)
[17:49:47.967]              // -> [ROMTableBase <= 0xE00FF000]
[17:49:47.967]            pidr1 = Read32(ROMTableBase + 0x0FE4);
[17:49:47.968]              // -> [Read32(0xE00FFFE4) => 0x00000004]   (__dp=0x00000000, __ap=0x00000000)
[17:49:47.968]              // -> [pidr1 <= 0x00000004]
[17:49:47.968]            pidr2 = Read32(ROMTableBase + 0x0FE8);
[17:49:47.968]              // -> [Read32(0xE00FFFE8) => 0x0000000A]   (__dp=0x00000000, __ap=0x00000000)
[17:49:47.969]              // -> [pidr2 <= 0x0000000A]
[17:49:47.969]            jep106id = ((pidr2 & 0x7) << 4 ) | ((pidr1 >> 4) & 0xF);
[17:49:47.969]              // -> [jep106id <= 0x00000020]
[17:49:47.969]          </block>
[17:49:47.969]          <control if="jep106id != 0x20" while="" timeout="0" info="">
[17:49:47.969]            // if-block "jep106id != 0x20"
[17:49:47.970]              // =>  FALSE
[17:49:47.970]            // skip if-block "jep106id != 0x20"
[17:49:47.970]          </control>
[17:49:47.970]        </sequence>
[17:49:47.970]    </block>
[17:49:47.970]  </sequence>
[17:49:47.971]  
[17:49:47.971]  **********  Sequence "DebugCoreStart"  (Context="Target Access", Pname="", info="")
[17:49:47.971]  
[17:49:47.971]  <debugvars>
[17:49:47.971]    // Pre-defined
[17:49:47.971]    __protocol=0x00010002      (Protocol="SWD", SWJ-DP="True")
[17:49:47.972]    __connection=0x00000202    (Connection Type="Flash", Reset Type="System Reset")
[17:49:47.972]    __dp=0x00000000
[17:49:47.972]    __ap=0x00000000
[17:49:47.972]    __traceout=0x00000001      (SWO Trace)
[17:49:47.972]    __errorcontrol=0x00000000  (Skip Errors="False")
[17:49:47.972]    __FlashAddr=0x00000000
[17:49:47.973]    __FlashLen=0x00000000
[17:49:47.973]    __FlashArg=0x00000000
[17:49:47.973]    __FlashOp=0x00000000
[17:49:47.973]    __Result=0x00000000
[17:49:47.973]    
[17:49:47.973]    // User-defined
[17:49:47.973]    DbgMCU_CR=0x00000007
[17:49:47.974]  </debugvars>
[17:49:47.974]  
[17:49:47.974]  <sequence name="DebugCoreStart" Pname="" disable="false" info="">
[17:49:47.974]    <block atomic="false" info="">
[17:49:47.974]      Write32(0xE000EDF0, 0xA05F0001);                                        // Enable Core Debug via DHCSR
[17:49:47.975]        // -> [Write32(0xE000EDF0, 0xA05F0001)]   (__dp=0x00000000, __ap=0x00000000)
[17:49:47.975]      Write32(0xE0042004, DbgMCU_CR);                                         // DBGMCU_CR: Configure MCU Debug
[17:49:47.976]        // -> [Write32(0xE0042004, 0x00000007)]   (__dp=0x00000000, __ap=0x00000000)
[17:49:47.976]    </block>
[17:49:47.976]  </sequence>
[17:49:47.977]  
[17:51:37.915]  **********  Sequence "DebugDeviceUnlock"  (Context="Target Access", Pname="", info="")
[17:51:37.916]  
[17:51:37.916]  <debugvars>
[17:51:37.916]    // Pre-defined
[17:51:37.917]    __protocol=0x00010002      (Protocol="SWD", SWJ-DP="True")
[17:51:37.917]    __connection=0x00000202    (Connection Type="Flash", Reset Type="System Reset")
[17:51:37.917]    __dp=0x00000000
[17:51:37.917]    __ap=0x00000000
[17:51:37.917]    __traceout=0x00000001      (SWO Trace)
[17:51:37.918]    __errorcontrol=0x00000000  (Skip Errors="False")
[17:51:37.918]    __FlashAddr=0x00000000
[17:51:37.918]    __FlashLen=0x00000000
[17:51:37.918]    __FlashArg=0x00000000
[17:51:37.918]    __FlashOp=0x00000000
[17:51:37.918]    __Result=0x00000000
[17:51:37.919]    
[17:51:37.919]    // User-defined
[17:51:37.919]    DbgMCU_CR=0x00000007
[17:51:37.919]  </debugvars>
[17:51:37.919]  
[17:51:37.919]  <sequence name="DebugDeviceUnlock" Pname="" disable="false" info="">
[17:51:37.919]    <block atomic="false" info="">
[17:51:37.920]      Sequence("CheckID");
[17:51:37.920]        <sequence name="CheckID" Pname="" disable="false" info="">
[17:51:37.920]          <block atomic="false" info="">
[17:51:37.920]            __var pidr1 = 0;
[17:51:37.920]              // -> [pidr1 <= 0x00000000]
[17:51:37.920]            __var pidr2 = 0;
[17:51:37.920]              // -> [pidr2 <= 0x00000000]
[17:51:37.920]            __var jep106id = 0;
[17:51:37.920]              // -> [jep106id <= 0x00000000]
[17:51:37.920]            __var ROMTableBase = 0;
[17:51:37.921]              // -> [ROMTableBase <= 0x00000000]
[17:51:37.921]            __ap = 0;      // AHB-AP
[17:51:37.921]              // -> [__ap <= 0x00000000]
[17:51:37.921]            ROMTableBase = ReadAP(0xF8) & ~0x3;
[17:51:37.921]              // -> [ReadAP(0x000000F8) => 0xE00FF003]   (__dp=0x00000000, __ap=0x00000000)
[17:51:37.922]              // -> [ROMTableBase <= 0xE00FF000]
[17:51:37.922]            pidr1 = Read32(ROMTableBase + 0x0FE4);
[17:51:37.922]              // -> [Read32(0xE00FFFE4) => 0x00000004]   (__dp=0x00000000, __ap=0x00000000)
[17:51:37.922]              // -> [pidr1 <= 0x00000004]
[17:51:37.923]            pidr2 = Read32(ROMTableBase + 0x0FE8);
[17:51:37.923]              // -> [Read32(0xE00FFFE8) => 0x0000000A]   (__dp=0x00000000, __ap=0x00000000)
[17:51:37.923]              // -> [pidr2 <= 0x0000000A]
[17:51:37.923]            jep106id = ((pidr2 & 0x7) << 4 ) | ((pidr1 >> 4) & 0xF);
[17:51:37.924]              // -> [jep106id <= 0x00000020]
[17:51:37.924]          </block>
[17:51:37.924]          <control if="jep106id != 0x20" while="" timeout="0" info="">
[17:51:37.924]            // if-block "jep106id != 0x20"
[17:51:37.924]              // =>  FALSE
[17:51:37.925]            // skip if-block "jep106id != 0x20"
[17:51:37.925]          </control>
[17:51:37.925]        </sequence>
[17:51:37.925]    </block>
[17:51:37.925]  </sequence>
[17:51:37.925]  
[17:51:37.926]  **********  Sequence "DebugCoreStart"  (Context="Target Access", Pname="", info="")
[17:51:37.926]  
[17:51:37.926]  <debugvars>
[17:51:37.926]    // Pre-defined
[17:51:37.926]    __protocol=0x00010002      (Protocol="SWD", SWJ-DP="True")
[17:51:37.926]    __connection=0x00000202    (Connection Type="Flash", Reset Type="System Reset")
[17:51:37.926]    __dp=0x00000000
[17:51:37.927]    __ap=0x00000000
[17:51:37.927]    __traceout=0x00000001      (SWO Trace)
[17:51:37.927]    __errorcontrol=0x00000000  (Skip Errors="False")
[17:51:37.927]    __FlashAddr=0x00000000
[17:51:37.927]    __FlashLen=0x00000000
[17:51:37.927]    __FlashArg=0x00000000
[17:51:37.927]    __FlashOp=0x00000000
[17:51:37.928]    __Result=0x00000000
[17:51:37.928]    
[17:51:37.928]    // User-defined
[17:51:37.928]    DbgMCU_CR=0x00000007
[17:51:37.928]  </debugvars>
[17:51:37.928]  
[17:51:37.928]  <sequence name="DebugCoreStart" Pname="" disable="false" info="">
[17:51:37.929]    <block atomic="false" info="">
[17:51:37.929]      Write32(0xE000EDF0, 0xA05F0001);                                        // Enable Core Debug via DHCSR
[17:51:37.929]        // -> [Write32(0xE000EDF0, 0xA05F0001)]   (__dp=0x00000000, __ap=0x00000000)
[17:51:37.929]      Write32(0xE0042004, DbgMCU_CR);                                         // DBGMCU_CR: Configure MCU Debug
[17:51:37.930]        // -> [Write32(0xE0042004, 0x00000007)]   (__dp=0x00000000, __ap=0x00000000)
[17:51:37.931]    </block>
[17:51:37.931]  </sequence>
[17:51:37.931]  
[17:52:24.506]  **********  Sequence "DebugDeviceUnlock"  (Context="Target Access", Pname="", info="")
[17:52:24.506]  
[17:52:24.506]  <debugvars>
[17:52:24.507]    // Pre-defined
[17:52:24.507]    __protocol=0x00010002      (Protocol="SWD", SWJ-DP="True")
[17:52:24.507]    __connection=0x00000202    (Connection Type="Flash", Reset Type="System Reset")
[17:52:24.507]    __dp=0x00000000
[17:52:24.508]    __ap=0x00000000
[17:52:24.508]    __traceout=0x00000001      (SWO Trace)
[17:52:24.508]    __errorcontrol=0x00000000  (Skip Errors="False")
[17:52:24.508]    __FlashAddr=0x00000000
[17:52:24.508]    __FlashLen=0x00000000
[17:52:24.508]    __FlashArg=0x00000000
[17:52:24.509]    __FlashOp=0x00000000
[17:52:24.509]    __Result=0x00000000
[17:52:24.509]    
[17:52:24.509]    // User-defined
[17:52:24.509]    DbgMCU_CR=0x00000007
[17:52:24.509]  </debugvars>
[17:52:24.510]  
[17:52:24.510]  <sequence name="DebugDeviceUnlock" Pname="" disable="false" info="">
[17:52:24.510]    <block atomic="false" info="">
[17:52:24.510]      Sequence("CheckID");
[17:52:24.511]        <sequence name="CheckID" Pname="" disable="false" info="">
[17:52:24.511]          <block atomic="false" info="">
[17:52:24.511]            __var pidr1 = 0;
[17:52:24.511]              // -> [pidr1 <= 0x00000000]
[17:52:24.511]            __var pidr2 = 0;
[17:52:24.512]              // -> [pidr2 <= 0x00000000]
[17:52:24.512]            __var jep106id = 0;
[17:52:24.512]              // -> [jep106id <= 0x00000000]
[17:52:24.512]            __var ROMTableBase = 0;
[17:52:24.512]              // -> [ROMTableBase <= 0x00000000]
[17:52:24.512]            __ap = 0;      // AHB-AP
[17:52:24.512]              // -> [__ap <= 0x00000000]
[17:52:24.512]            ROMTableBase = ReadAP(0xF8) & ~0x3;
[17:52:24.513]              // -> [ReadAP(0x000000F8) => 0xE00FF003]   (__dp=0x00000000, __ap=0x00000000)
[17:52:24.513]              // -> [ROMTableBase <= 0xE00FF000]
[17:52:24.513]            pidr1 = Read32(ROMTableBase + 0x0FE4);
[17:52:24.514]              // -> [Read32(0xE00FFFE4) => 0x00000004]   (__dp=0x00000000, __ap=0x00000000)
[17:52:24.515]              // -> [pidr1 <= 0x00000004]
[17:52:24.515]            pidr2 = Read32(ROMTableBase + 0x0FE8);
[17:52:24.515]              // -> [Read32(0xE00FFFE8) => 0x0000000A]   (__dp=0x00000000, __ap=0x00000000)
[17:52:24.515]              // -> [pidr2 <= 0x0000000A]
[17:52:24.516]            jep106id = ((pidr2 & 0x7) << 4 ) | ((pidr1 >> 4) & 0xF);
[17:52:24.516]              // -> [jep106id <= 0x00000020]
[17:52:24.516]          </block>
[17:52:24.516]          <control if="jep106id != 0x20" while="" timeout="0" info="">
[17:52:24.517]            // if-block "jep106id != 0x20"
[17:52:24.517]              // =>  FALSE
[17:52:24.517]            // skip if-block "jep106id != 0x20"
[17:52:24.517]          </control>
[17:52:24.517]        </sequence>
[17:52:24.517]    </block>
[17:52:24.518]  </sequence>
[17:52:24.518]  
[17:52:24.518]  **********  Sequence "DebugCoreStart"  (Context="Target Access", Pname="", info="")
[17:52:24.518]  
[17:52:24.518]  <debugvars>
[17:52:24.518]    // Pre-defined
[17:52:24.518]    __protocol=0x00010002      (Protocol="SWD", SWJ-DP="True")
[17:52:24.519]    __connection=0x00000202    (Connection Type="Flash", Reset Type="System Reset")
[17:52:24.519]    __dp=0x00000000
[17:52:24.519]    __ap=0x00000000
[17:52:24.519]    __traceout=0x00000001      (SWO Trace)
[17:52:24.519]    __errorcontrol=0x00000000  (Skip Errors="False")
[17:52:24.519]    __FlashAddr=0x00000000
[17:52:24.520]    __FlashLen=0x00000000
[17:52:24.520]    __FlashArg=0x00000000
[17:52:24.520]    __FlashOp=0x00000000
[17:52:24.520]    __Result=0x00000000
[17:52:24.520]    
[17:52:24.520]    // User-defined
[17:52:24.520]    DbgMCU_CR=0x00000007
[17:52:24.521]  </debugvars>
[17:52:24.521]  
[17:52:24.521]  <sequence name="DebugCoreStart" Pname="" disable="false" info="">
[17:52:24.521]    <block atomic="false" info="">
[17:52:24.521]      Write32(0xE000EDF0, 0xA05F0001);                                        // Enable Core Debug via DHCSR
[17:52:24.522]        // -> [Write32(0xE000EDF0, 0xA05F0001)]   (__dp=0x00000000, __ap=0x00000000)
[17:52:24.522]      Write32(0xE0042004, DbgMCU_CR);                                         // DBGMCU_CR: Configure MCU Debug
[17:52:24.523]        // -> [Write32(0xE0042004, 0x00000007)]   (__dp=0x00000000, __ap=0x00000000)
[17:52:24.523]    </block>
[17:52:24.523]  </sequence>
[17:52:24.523]  
[17:59:02.485]  **********  Sequence "DebugDeviceUnlock"  (Context="Target Access", Pname="", info="")
[17:59:02.485]  
[17:59:02.486]  <debugvars>
[17:59:02.486]    // Pre-defined
[17:59:02.486]    __protocol=0x00010002      (Protocol="SWD", SWJ-DP="True")
[17:59:02.486]    __connection=0x00000202    (Connection Type="Flash", Reset Type="System Reset")
[17:59:02.487]    __dp=0x00000000
[17:59:02.487]    __ap=0x00000000
[17:59:02.487]    __traceout=0x00000001      (SWO Trace)
[17:59:02.487]    __errorcontrol=0x00000000  (Skip Errors="False")
[17:59:02.487]    __FlashAddr=0x00000000
[17:59:02.487]    __FlashLen=0x00000000
[17:59:02.488]    __FlashArg=0x00000000
[17:59:02.488]    __FlashOp=0x00000000
[17:59:02.488]    __Result=0x00000000
[17:59:02.488]    
[17:59:02.488]    // User-defined
[17:59:02.488]    DbgMCU_CR=0x00000007
[17:59:02.488]  </debugvars>
[17:59:02.489]  
[17:59:02.489]  <sequence name="DebugDeviceUnlock" Pname="" disable="false" info="">
[17:59:02.489]    <block atomic="false" info="">
[17:59:02.489]      Sequence("CheckID");
[17:59:02.489]        <sequence name="CheckID" Pname="" disable="false" info="">
[17:59:02.490]          <block atomic="false" info="">
[17:59:02.490]            __var pidr1 = 0;
[17:59:02.490]              // -> [pidr1 <= 0x00000000]
[17:59:02.490]            __var pidr2 = 0;
[17:59:02.490]              // -> [pidr2 <= 0x00000000]
[17:59:02.490]            __var jep106id = 0;
[17:59:02.490]              // -> [jep106id <= 0x00000000]
[17:59:02.490]            __var ROMTableBase = 0;
[17:59:02.491]              // -> [ROMTableBase <= 0x00000000]
[17:59:02.491]            __ap = 0;      // AHB-AP
[17:59:02.491]              // -> [__ap <= 0x00000000]
[17:59:02.491]            ROMTableBase = ReadAP(0xF8) & ~0x3;
[17:59:02.492]              // -> [ReadAP(0x000000F8) => 0xE00FF003]   (__dp=0x00000000, __ap=0x00000000)
[17:59:02.492]              // -> [ROMTableBase <= 0xE00FF000]
[17:59:02.492]            pidr1 = Read32(ROMTableBase + 0x0FE4);
[17:59:02.493]              // -> [Read32(0xE00FFFE4) => 0x00000004]   (__dp=0x00000000, __ap=0x00000000)
[17:59:02.493]              // -> [pidr1 <= 0x00000004]
[17:59:02.493]            pidr2 = Read32(ROMTableBase + 0x0FE8);
[17:59:02.494]              // -> [Read32(0xE00FFFE8) => 0x0000000A]   (__dp=0x00000000, __ap=0x00000000)
[17:59:02.494]              // -> [pidr2 <= 0x0000000A]
[17:59:02.494]            jep106id = ((pidr2 & 0x7) << 4 ) | ((pidr1 >> 4) & 0xF);
[17:59:02.494]              // -> [jep106id <= 0x00000020]
[17:59:02.495]          </block>
[17:59:02.495]          <control if="jep106id != 0x20" while="" timeout="0" info="">
[17:59:02.495]            // if-block "jep106id != 0x20"
[17:59:02.495]              // =>  FALSE
[17:59:02.495]            // skip if-block "jep106id != 0x20"
[17:59:02.495]          </control>
[17:59:02.496]        </sequence>
[17:59:02.496]    </block>
[17:59:02.496]  </sequence>
[17:59:02.496]  
[17:59:02.496]  **********  Sequence "DebugCoreStart"  (Context="Target Access", Pname="", info="")
[17:59:02.496]  
[17:59:02.497]  <debugvars>
[17:59:02.497]    // Pre-defined
[17:59:02.497]    __protocol=0x00010002      (Protocol="SWD", SWJ-DP="True")
[17:59:02.497]    __connection=0x00000202    (Connection Type="Flash", Reset Type="System Reset")
[17:59:02.497]    __dp=0x00000000
[17:59:02.497]    __ap=0x00000000
[17:59:02.497]    __traceout=0x00000001      (SWO Trace)
[17:59:02.497]    __errorcontrol=0x00000000  (Skip Errors="False")
[17:59:02.498]    __FlashAddr=0x00000000
[17:59:02.498]    __FlashLen=0x00000000
[17:59:02.498]    __FlashArg=0x00000000
[17:59:02.498]    __FlashOp=0x00000000
[17:59:02.498]    __Result=0x00000000
[17:59:02.498]    
[17:59:02.498]    // User-defined
[17:59:02.499]    DbgMCU_CR=0x00000007
[17:59:02.499]  </debugvars>
[17:59:02.499]  
[17:59:02.499]  <sequence name="DebugCoreStart" Pname="" disable="false" info="">
[17:59:02.499]    <block atomic="false" info="">
[17:59:02.499]      Write32(0xE000EDF0, 0xA05F0001);                                        // Enable Core Debug via DHCSR
[17:59:02.500]        // -> [Write32(0xE000EDF0, 0xA05F0001)]   (__dp=0x00000000, __ap=0x00000000)
[17:59:02.500]      Write32(0xE0042004, DbgMCU_CR);                                         // DBGMCU_CR: Configure MCU Debug
[17:59:02.501]        // -> [Write32(0xE0042004, 0x00000007)]   (__dp=0x00000000, __ap=0x00000000)
[17:59:02.501]    </block>
[17:59:02.501]  </sequence>
[17:59:02.501]  
[18:06:12.542]  **********  Sequence "DebugDeviceUnlock"  (Context="Target Access", Pname="", info="")
[18:06:12.542]  
[18:06:12.542]  <debugvars>
[18:06:12.543]    // Pre-defined
[18:06:12.543]    __protocol=0x00010002      (Protocol="SWD", SWJ-DP="True")
[18:06:12.543]    __connection=0x00000202    (Connection Type="Flash", Reset Type="System Reset")
[18:06:12.544]    __dp=0x00000000
[18:06:12.544]    __ap=0x00000000
[18:06:12.544]    __traceout=0x00000001      (SWO Trace)
[18:06:12.544]    __errorcontrol=0x00000000  (Skip Errors="False")
[18:06:12.544]    __FlashAddr=0x00000000
[18:06:12.544]    __FlashLen=0x00000000
[18:06:12.545]    __FlashArg=0x00000000
[18:06:12.545]    __FlashOp=0x00000000
[18:06:12.545]    __Result=0x00000000
[18:06:12.545]    
[18:06:12.545]    // User-defined
[18:06:12.545]    DbgMCU_CR=0x00000007
[18:06:12.545]  </debugvars>
[18:06:12.546]  
[18:06:12.546]  <sequence name="DebugDeviceUnlock" Pname="" disable="false" info="">
[18:06:12.546]    <block atomic="false" info="">
[18:06:12.546]      Sequence("CheckID");
[18:06:12.546]        <sequence name="CheckID" Pname="" disable="false" info="">
[18:06:12.546]          <block atomic="false" info="">
[18:06:12.547]            __var pidr1 = 0;
[18:06:12.547]              // -> [pidr1 <= 0x00000000]
[18:06:12.548]            __var pidr2 = 0;
[18:06:12.548]              // -> [pidr2 <= 0x00000000]
[18:06:12.548]            __var jep106id = 0;
[18:06:12.548]              // -> [jep106id <= 0x00000000]
[18:06:12.548]            __var ROMTableBase = 0;
[18:06:12.548]              // -> [ROMTableBase <= 0x00000000]
[18:06:12.548]            __ap = 0;      // AHB-AP
[18:06:12.548]              // -> [__ap <= 0x00000000]
[18:06:12.549]            ROMTableBase = ReadAP(0xF8) & ~0x3;
[18:06:12.549]              // -> [ReadAP(0x000000F8) => 0xE00FF003]   (__dp=0x00000000, __ap=0x00000000)
[18:06:12.549]              // -> [ROMTableBase <= 0xE00FF000]
[18:06:12.549]            pidr1 = Read32(ROMTableBase + 0x0FE4);
[18:06:12.550]              // -> [Read32(0xE00FFFE4) => 0x00000004]   (__dp=0x00000000, __ap=0x00000000)
[18:06:12.550]              // -> [pidr1 <= 0x00000004]
[18:06:12.550]            pidr2 = Read32(ROMTableBase + 0x0FE8);
[18:06:12.551]              // -> [Read32(0xE00FFFE8) => 0x0000000A]   (__dp=0x00000000, __ap=0x00000000)
[18:06:12.551]              // -> [pidr2 <= 0x0000000A]
[18:06:12.551]            jep106id = ((pidr2 & 0x7) << 4 ) | ((pidr1 >> 4) & 0xF);
[18:06:12.552]              // -> [jep106id <= 0x00000020]
[18:06:12.552]          </block>
[18:06:12.552]          <control if="jep106id != 0x20" while="" timeout="0" info="">
[18:06:12.552]            // if-block "jep106id != 0x20"
[18:06:12.553]              // =>  FALSE
[18:06:12.553]            // skip if-block "jep106id != 0x20"
[18:06:12.553]          </control>
[18:06:12.553]        </sequence>
[18:06:12.553]    </block>
[18:06:12.553]  </sequence>
[18:06:12.554]  
[18:06:12.554]  **********  Sequence "DebugCoreStart"  (Context="Target Access", Pname="", info="")
[18:06:12.554]  
[18:06:12.554]  <debugvars>
[18:06:12.554]    // Pre-defined
[18:06:12.554]    __protocol=0x00010002      (Protocol="SWD", SWJ-DP="True")
[18:06:12.554]    __connection=0x00000202    (Connection Type="Flash", Reset Type="System Reset")
[18:06:12.555]    __dp=0x00000000
[18:06:12.555]    __ap=0x00000000
[18:06:12.555]    __traceout=0x00000001      (SWO Trace)
[18:06:12.555]    __errorcontrol=0x00000000  (Skip Errors="False")
[18:06:12.555]    __FlashAddr=0x00000000
[18:06:12.555]    __FlashLen=0x00000000
[18:06:12.556]    __FlashArg=0x00000000
[18:06:12.556]    __FlashOp=0x00000000
[18:06:12.556]    __Result=0x00000000
[18:06:12.556]    
[18:06:12.556]    // User-defined
[18:06:12.556]    DbgMCU_CR=0x00000007
[18:06:12.556]  </debugvars>
[18:06:12.557]  
[18:06:12.557]  <sequence name="DebugCoreStart" Pname="" disable="false" info="">
[18:06:12.557]    <block atomic="false" info="">
[18:06:12.557]      Write32(0xE000EDF0, 0xA05F0001);                                        // Enable Core Debug via DHCSR
[18:06:12.558]        // -> [Write32(0xE000EDF0, 0xA05F0001)]   (__dp=0x00000000, __ap=0x00000000)
[18:06:12.558]      Write32(0xE0042004, DbgMCU_CR);                                         // DBGMCU_CR: Configure MCU Debug
[18:06:12.559]        // -> [Write32(0xE0042004, 0x00000007)]   (__dp=0x00000000, __ap=0x00000000)
[18:06:12.559]    </block>
[18:06:12.559]  </sequence>
[18:06:12.559]  
[18:35:57.684]  **********  Sequence "DebugDeviceUnlock"  (Context="Target Access", Pname="", info="")
[18:35:57.684]  
[18:35:57.684]  <debugvars>
[18:35:57.685]    // Pre-defined
[18:35:57.685]    __protocol=0x00010002      (Protocol="SWD", SWJ-DP="True")
[18:35:57.685]    __connection=0x00000202    (Connection Type="Flash", Reset Type="System Reset")
[18:35:57.685]    __dp=0x00000000
[18:35:57.685]    __ap=0x00000000
[18:35:57.686]    __traceout=0x00000001      (SWO Trace)
[18:35:57.686]    __errorcontrol=0x00000000  (Skip Errors="False")
[18:35:57.686]    __FlashAddr=0x00000000
[18:35:57.686]    __FlashLen=0x00000000
[18:35:57.686]    __FlashArg=0x00000000
[18:35:57.686]    __FlashOp=0x00000000
[18:35:57.686]    __Result=0x00000000
[18:35:57.687]    
[18:35:57.687]    // User-defined
[18:35:57.687]    DbgMCU_CR=0x00000007
[18:35:57.687]  </debugvars>
[18:35:57.687]  
[18:35:57.687]  <sequence name="DebugDeviceUnlock" Pname="" disable="false" info="">
[18:35:57.687]    <block atomic="false" info="">
[18:35:57.688]      Sequence("CheckID");
[18:35:57.688]        <sequence name="CheckID" Pname="" disable="false" info="">
[18:35:57.688]          <block atomic="false" info="">
[18:35:57.688]            __var pidr1 = 0;
[18:35:57.688]              // -> [pidr1 <= 0x00000000]
[18:35:57.688]            __var pidr2 = 0;
[18:35:57.688]              // -> [pidr2 <= 0x00000000]
[18:35:57.688]            __var jep106id = 0;
[18:35:57.688]              // -> [jep106id <= 0x00000000]
[18:35:57.689]            __var ROMTableBase = 0;
[18:35:57.689]              // -> [ROMTableBase <= 0x00000000]
[18:35:57.689]            __ap = 0;      // AHB-AP
[18:35:57.689]              // -> [__ap <= 0x00000000]
[18:35:57.689]            ROMTableBase = ReadAP(0xF8) & ~0x3;
[18:35:57.690]              // -> [ReadAP(0x000000F8) => 0xE00FF003]   (__dp=0x00000000, __ap=0x00000000)
[18:35:57.690]              // -> [ROMTableBase <= 0xE00FF000]
[18:35:57.690]            pidr1 = Read32(ROMTableBase + 0x0FE4);
[18:35:57.690]              // -> [Read32(0xE00FFFE4) => 0x00000004]   (__dp=0x00000000, __ap=0x00000000)
[18:35:57.691]              // -> [pidr1 <= 0x00000004]
[18:35:57.691]            pidr2 = Read32(ROMTableBase + 0x0FE8);
[18:35:57.691]              // -> [Read32(0xE00FFFE8) => 0x0000000A]   (__dp=0x00000000, __ap=0x00000000)
[18:35:57.691]              // -> [pidr2 <= 0x0000000A]
[18:35:57.692]            jep106id = ((pidr2 & 0x7) << 4 ) | ((pidr1 >> 4) & 0xF);
[18:35:57.692]              // -> [jep106id <= 0x00000020]
[18:35:57.692]          </block>
[18:35:57.692]          <control if="jep106id != 0x20" while="" timeout="0" info="">
[18:35:57.692]            // if-block "jep106id != 0x20"
[18:35:57.693]              // =>  FALSE
[18:35:57.693]            // skip if-block "jep106id != 0x20"
[18:35:57.693]          </control>
[18:35:57.693]        </sequence>
[18:35:57.693]    </block>
[18:35:57.693]  </sequence>
[18:35:57.693]  
[18:35:57.694]  **********  Sequence "DebugCoreStart"  (Context="Target Access", Pname="", info="")
[18:35:57.694]  
[18:35:57.694]  <debugvars>
[18:35:57.694]    // Pre-defined
[18:35:57.694]    __protocol=0x00010002      (Protocol="SWD", SWJ-DP="True")
[18:35:57.694]    __connection=0x00000202    (Connection Type="Flash", Reset Type="System Reset")
[18:35:57.694]    __dp=0x00000000
[18:35:57.695]    __ap=0x00000000
[18:35:57.695]    __traceout=0x00000001      (SWO Trace)
[18:35:57.695]    __errorcontrol=0x00000000  (Skip Errors="False")
[18:35:57.695]    __FlashAddr=0x00000000
[18:35:57.695]    __FlashLen=0x00000000
[18:35:57.695]    __FlashArg=0x00000000
[18:35:57.696]    __FlashOp=0x00000000
[18:35:57.696]    __Result=0x00000000
[18:35:57.696]    
[18:35:57.696]    // User-defined
[18:35:57.696]    DbgMCU_CR=0x00000007
[18:35:57.696]  </debugvars>
[18:35:57.696]  
[18:35:57.696]  <sequence name="DebugCoreStart" Pname="" disable="false" info="">
[18:35:57.697]    <block atomic="false" info="">
[18:35:57.697]      Write32(0xE000EDF0, 0xA05F0001);                                        // Enable Core Debug via DHCSR
[18:35:57.697]        // -> [Write32(0xE000EDF0, 0xA05F0001)]   (__dp=0x00000000, __ap=0x00000000)
[18:35:57.698]      Write32(0xE0042004, DbgMCU_CR);                                         // DBGMCU_CR: Configure MCU Debug
[18:35:57.698]        // -> [Write32(0xE0042004, 0x00000007)]   (__dp=0x00000000, __ap=0x00000000)
[18:35:57.699]    </block>
[18:35:57.699]  </sequence>
[18:35:57.699]  
[19:11:45.995]  **********  Sequence "DebugDeviceUnlock"  (Context="Target Access", Pname="", info="")
[19:11:45.995]  
[19:11:45.996]  <debugvars>
[19:11:45.996]    // Pre-defined
[19:11:45.997]    __protocol=0x00010002      (Protocol="SWD", SWJ-DP="True")
[19:11:45.997]    __connection=0x00000202    (Connection Type="Flash", Reset Type="System Reset")
[19:11:45.997]    __dp=0x00000000
[19:11:45.997]    __ap=0x00000000
[19:11:45.998]    __traceout=0x00000001      (SWO Trace)
[19:11:45.998]    __errorcontrol=0x00000000  (Skip Errors="False")
[19:11:45.998]    __FlashAddr=0x00000000
[19:11:45.998]    __FlashLen=0x00000000
[19:11:45.999]    __FlashArg=0x00000000
[19:11:45.999]    __FlashOp=0x00000000
[19:11:45.999]    __Result=0x00000000
[19:11:45.999]    
[19:11:45.999]    // User-defined
[19:11:45.999]    DbgMCU_CR=0x00000007
[19:11:46.000]  </debugvars>
[19:11:46.000]  
[19:11:46.000]  <sequence name="DebugDeviceUnlock" Pname="" disable="false" info="">
[19:11:46.000]    <block atomic="false" info="">
[19:11:46.000]      Sequence("CheckID");
[19:11:46.000]        <sequence name="CheckID" Pname="" disable="false" info="">
[19:11:46.001]          <block atomic="false" info="">
[19:11:46.001]            __var pidr1 = 0;
[19:11:46.001]              // -> [pidr1 <= 0x00000000]
[19:11:46.001]            __var pidr2 = 0;
[19:11:46.001]              // -> [pidr2 <= 0x00000000]
[19:11:46.001]            __var jep106id = 0;
[19:11:46.002]              // -> [jep106id <= 0x00000000]
[19:11:46.002]            __var ROMTableBase = 0;
[19:11:46.002]              // -> [ROMTableBase <= 0x00000000]
[19:11:46.002]            __ap = 0;      // AHB-AP
[19:11:46.002]              // -> [__ap <= 0x00000000]
[19:11:46.002]            ROMTableBase = ReadAP(0xF8) & ~0x3;
[19:11:46.003]              // -> [ReadAP(0x000000F8) => 0xE00FF003]   (__dp=0x00000000, __ap=0x00000000)
[19:11:46.003]              // -> [ROMTableBase <= 0xE00FF000]
[19:11:46.003]            pidr1 = Read32(ROMTableBase + 0x0FE4);
[19:11:46.004]              // -> [Read32(0xE00FFFE4) => 0x00000004]   (__dp=0x00000000, __ap=0x00000000)
[19:11:46.004]              // -> [pidr1 <= 0x00000004]
[19:11:46.004]            pidr2 = Read32(ROMTableBase + 0x0FE8);
[19:11:46.005]              // -> [Read32(0xE00FFFE8) => 0x0000000A]   (__dp=0x00000000, __ap=0x00000000)
[19:11:46.005]              // -> [pidr2 <= 0x0000000A]
[19:11:46.005]            jep106id = ((pidr2 & 0x7) << 4 ) | ((pidr1 >> 4) & 0xF);
[19:11:46.005]              // -> [jep106id <= 0x00000020]
[19:11:46.005]          </block>
[19:11:46.005]          <control if="jep106id != 0x20" while="" timeout="0" info="">
[19:11:46.006]            // if-block "jep106id != 0x20"
[19:11:46.006]              // =>  FALSE
[19:11:46.006]            // skip if-block "jep106id != 0x20"
[19:11:46.006]          </control>
[19:11:46.006]        </sequence>
[19:11:46.006]    </block>
[19:11:46.007]  </sequence>
[19:11:46.007]  
[19:11:46.007]  **********  Sequence "DebugCoreStart"  (Context="Target Access", Pname="", info="")
[19:11:46.007]  
[19:11:46.007]  <debugvars>
[19:11:46.007]    // Pre-defined
[19:11:46.008]    __protocol=0x00010002      (Protocol="SWD", SWJ-DP="True")
[19:11:46.008]    __connection=0x00000202    (Connection Type="Flash", Reset Type="System Reset")
[19:11:46.008]    __dp=0x00000000
[19:11:46.008]    __ap=0x00000000
[19:11:46.008]    __traceout=0x00000001      (SWO Trace)
[19:11:46.008]    __errorcontrol=0x00000000  (Skip Errors="False")
[19:11:46.009]    __FlashAddr=0x00000000
[19:11:46.009]    __FlashLen=0x00000000
[19:11:46.009]    __FlashArg=0x00000000
[19:11:46.009]    __FlashOp=0x00000000
[19:11:46.009]    __Result=0x00000000
[19:11:46.009]    
[19:11:46.009]    // User-defined
[19:11:46.010]    DbgMCU_CR=0x00000007
[19:11:46.010]  </debugvars>
[19:11:46.010]  
[19:11:46.010]  <sequence name="DebugCoreStart" Pname="" disable="false" info="">
[19:11:46.010]    <block atomic="false" info="">
[19:11:46.010]      Write32(0xE000EDF0, 0xA05F0001);                                        // Enable Core Debug via DHCSR
[19:11:46.011]        // -> [Write32(0xE000EDF0, 0xA05F0001)]   (__dp=0x00000000, __ap=0x00000000)
[19:11:46.011]      Write32(0xE0042004, DbgMCU_CR);                                         // DBGMCU_CR: Configure MCU Debug
[19:11:46.012]        // -> [Write32(0xE0042004, 0x00000007)]   (__dp=0x00000000, __ap=0x00000000)
[19:11:46.012]    </block>
[19:11:46.012]  </sequence>
[19:11:46.012]  
[19:13:50.126]  **********  Sequence "DebugDeviceUnlock"  (Context="Target Access", Pname="", info="")
[19:13:50.126]  
[19:13:50.127]  <debugvars>
[19:13:50.127]    // Pre-defined
[19:13:50.128]    __protocol=0x00010002      (Protocol="SWD", SWJ-DP="True")
[19:13:50.128]    __connection=0x00000202    (Connection Type="Flash", Reset Type="System Reset")
[19:13:50.128]    __dp=0x00000000
[19:13:50.128]    __ap=0x00000000
[19:13:50.128]    __traceout=0x00000001      (SWO Trace)
[19:13:50.128]    __errorcontrol=0x00000000  (Skip Errors="False")
[19:13:50.129]    __FlashAddr=0x00000000
[19:13:50.129]    __FlashLen=0x00000000
[19:13:50.129]    __FlashArg=0x00000000
[19:13:50.129]    __FlashOp=0x00000000
[19:13:50.130]    __Result=0x00000000
[19:13:50.130]    
[19:13:50.130]    // User-defined
[19:13:50.130]    DbgMCU_CR=0x00000007
[19:13:50.130]  </debugvars>
[19:13:50.131]  
[19:13:50.131]  <sequence name="DebugDeviceUnlock" Pname="" disable="false" info="">
[19:13:50.131]    <block atomic="false" info="">
[19:13:50.131]      Sequence("CheckID");
[19:13:50.131]        <sequence name="CheckID" Pname="" disable="false" info="">
[19:13:50.131]          <block atomic="false" info="">
[19:13:50.132]            __var pidr1 = 0;
[19:13:50.132]              // -> [pidr1 <= 0x00000000]
[19:13:50.132]            __var pidr2 = 0;
[19:13:50.132]              // -> [pidr2 <= 0x00000000]
[19:13:50.132]            __var jep106id = 0;
[19:13:50.132]              // -> [jep106id <= 0x00000000]
[19:13:50.133]            __var ROMTableBase = 0;
[19:13:50.133]              // -> [ROMTableBase <= 0x00000000]
[19:13:50.133]            __ap = 0;      // AHB-AP
[19:13:50.133]              // -> [__ap <= 0x00000000]
[19:13:50.133]            ROMTableBase = ReadAP(0xF8) & ~0x3;
[19:13:50.134]              // -> [ReadAP(0x000000F8) => 0xE00FF003]   (__dp=0x00000000, __ap=0x00000000)
[19:13:50.134]              // -> [ROMTableBase <= 0xE00FF000]
[19:13:50.135]            pidr1 = Read32(ROMTableBase + 0x0FE4);
[19:13:50.135]              // -> [Read32(0xE00FFFE4) => 0x00000004]   (__dp=0x00000000, __ap=0x00000000)
[19:13:50.135]              // -> [pidr1 <= 0x00000004]
[19:13:50.135]            pidr2 = Read32(ROMTableBase + 0x0FE8);
[19:13:50.136]              // -> [Read32(0xE00FFFE8) => 0x0000000A]   (__dp=0x00000000, __ap=0x00000000)
[19:13:50.136]              // -> [pidr2 <= 0x0000000A]
[19:13:50.136]            jep106id = ((pidr2 & 0x7) << 4 ) | ((pidr1 >> 4) & 0xF);
[19:13:50.136]              // -> [jep106id <= 0x00000020]
[19:13:50.136]          </block>
[19:13:50.136]          <control if="jep106id != 0x20" while="" timeout="0" info="">
[19:13:50.137]            // if-block "jep106id != 0x20"
[19:13:50.137]              // =>  FALSE
[19:13:50.137]            // skip if-block "jep106id != 0x20"
[19:13:50.137]          </control>
[19:13:50.137]        </sequence>
[19:13:50.137]    </block>
[19:13:50.138]  </sequence>
[19:13:50.138]  
[19:13:50.138]  **********  Sequence "DebugCoreStart"  (Context="Target Access", Pname="", info="")
[19:13:50.138]  
[19:13:50.138]  <debugvars>
[19:13:50.138]    // Pre-defined
[19:13:50.138]    __protocol=0x00010002      (Protocol="SWD", SWJ-DP="True")
[19:13:50.139]    __connection=0x00000202    (Connection Type="Flash", Reset Type="System Reset")
[19:13:50.139]    __dp=0x00000000
[19:13:50.139]    __ap=0x00000000
[19:13:50.139]    __traceout=0x00000001      (SWO Trace)
[19:13:50.139]    __errorcontrol=0x00000000  (Skip Errors="False")
[19:13:50.139]    __FlashAddr=0x00000000
[19:13:50.140]    __FlashLen=0x00000000
[19:13:50.140]    __FlashArg=0x00000000
[19:13:50.140]    __FlashOp=0x00000000
[19:13:50.140]    __Result=0x00000000
[19:13:50.140]    
[19:13:50.140]    // User-defined
[19:13:50.140]    DbgMCU_CR=0x00000007
[19:13:50.141]  </debugvars>
[19:13:50.141]  
[19:13:50.141]  <sequence name="DebugCoreStart" Pname="" disable="false" info="">
[19:13:50.141]    <block atomic="false" info="">
[19:13:50.141]      Write32(0xE000EDF0, 0xA05F0001);                                        // Enable Core Debug via DHCSR
[19:13:50.142]        // -> [Write32(0xE000EDF0, 0xA05F0001)]   (__dp=0x00000000, __ap=0x00000000)
[19:13:50.142]      Write32(0xE0042004, DbgMCU_CR);                                         // DBGMCU_CR: Configure MCU Debug
[19:13:50.143]        // -> [Write32(0xE0042004, 0x00000007)]   (__dp=0x00000000, __ap=0x00000000)
[19:13:50.143]    </block>
[19:13:50.143]  </sequence>
[19:13:50.143]  
