/*
 *  CMSIS Pack Debug Access Sequence Log
 *  File        : C:\repo\stm32f103c8\sdk_2025\sdk2025_Sequences_0007.log
 *  Created     : 22:11:41 (23/03/2025)
 *  Device      : STM32F103C8
 *  PDSC File   : C:/Keil_v5/ARM/Packs/Keil/STM32F1xx_DFP/2.4.1/Keil.STM32F1xx_DFP.pdsc
 *  Config File : C:\repo\stm32f103c8\sdk_2025\DebugConfig\sdk_STM32F103C8_1.0.0.dbgconf
 *
 */

[22:11:41.988]  **********  Sequence "DebugDeviceUnlock"  (Context="Target Access", Pname="", info="")
[22:11:41.988]  
[22:11:41.989]  <debugvars>
[22:11:41.989]    // Pre-defined
[22:11:41.990]    __protocol=0x00010002      (Protocol="SWD", SWJ-DP="True")
[22:11:41.990]    __connection=0x00000202    (Connection Type="Flash", Reset Type="System Reset")
[22:11:41.990]    __dp=0x00000000
[22:11:41.990]    __ap=0x00000000
[22:11:41.992]    __traceout=0x00000001      (SWO Trace)
[22:11:41.992]    __errorcontrol=0x00000000  (Skip Errors="False")
[22:11:41.992]    __FlashAddr=0x00000000
[22:11:41.992]    __FlashLen=0x00000000
[22:11:41.992]    __FlashArg=0x00000000
[22:11:41.992]    __FlashOp=0x00000000
[22:11:41.993]    __Result=0x00000000
[22:11:41.993]    
[22:11:41.993]    // User-defined
[22:11:41.993]    DbgMCU_CR=0x00000007
[22:11:41.993]  </debugvars>
[22:11:41.993]  
[22:11:41.993]  <sequence name="DebugDeviceUnlock" Pname="" disable="false" info="">
[22:11:41.994]    <block atomic="false" info="">
[22:11:41.994]      Sequence("CheckID");
[22:11:41.994]        <sequence name="CheckID" Pname="" disable="false" info="">
[22:11:41.994]          <block atomic="false" info="">
[22:11:41.994]            __var pidr1 = 0;
[22:11:41.994]              // -> [pidr1 <= 0x00000000]
[22:11:41.995]            __var pidr2 = 0;
[22:11:41.995]              // -> [pidr2 <= 0x00000000]
[22:11:41.995]            __var jep106id = 0;
[22:11:41.995]              // -> [jep106id <= 0x00000000]
[22:11:41.995]            __var ROMTableBase = 0;
[22:11:41.995]              // -> [ROMTableBase <= 0x00000000]
[22:11:41.996]            __ap = 0;      // AHB-AP
[22:11:41.996]              // -> [__ap <= 0x00000000]
[22:11:41.996]            ROMTableBase = ReadAP(0xF8) & ~0x3;
[22:11:41.996]              // -> [ReadAP(0x000000F8) => 0xE00FF003]   (__dp=0x00000000, __ap=0x00000000)
[22:11:41.996]              // -> [ROMTableBase <= 0xE00FF000]
[22:11:41.997]            pidr1 = Read32(ROMTableBase + 0x0FE4);
[22:11:41.997]              // -> [Read32(0xE00FFFE4) => 0x00000004]   (__dp=0x00000000, __ap=0x00000000)
[22:11:41.997]              // -> [pidr1 <= 0x00000004]
[22:11:41.997]            pidr2 = Read32(ROMTableBase + 0x0FE8);
[22:11:41.998]              // -> [Read32(0xE00FFFE8) => 0x0000000A]   (__dp=0x00000000, __ap=0x00000000)
[22:11:41.998]              // -> [pidr2 <= 0x0000000A]
[22:11:41.998]            jep106id = ((pidr2 & 0x7) << 4 ) | ((pidr1 >> 4) & 0xF);
[22:11:41.998]              // -> [jep106id <= 0x00000020]
[22:11:41.998]          </block>
[22:11:41.999]          <control if="jep106id != 0x20" while="" timeout="0" info="">
[22:11:41.999]            // if-block "jep106id != 0x20"
[22:11:41.999]              // =>  FALSE
[22:11:41.999]            // skip if-block "jep106id != 0x20"
[22:11:41.999]          </control>
[22:11:41.999]        </sequence>
[22:11:41.999]    </block>
[22:11:42.000]  </sequence>
[22:11:42.000]  
[22:11:42.000]  **********  Sequence "DebugCoreStart"  (Context="Target Access", Pname="", info="")
[22:11:42.000]  
[22:11:42.000]  <debugvars>
[22:11:42.000]    // Pre-defined
[22:11:42.001]    __protocol=0x00010002      (Protocol="SWD", SWJ-DP="True")
[22:11:42.001]    __connection=0x00000202    (Connection Type="Flash", Reset Type="System Reset")
[22:11:42.001]    __dp=0x00000000
[22:11:42.001]    __ap=0x00000000
[22:11:42.001]    __traceout=0x00000001      (SWO Trace)
[22:11:42.001]    __errorcontrol=0x00000000  (Skip Errors="False")
[22:11:42.001]    __FlashAddr=0x00000000
[22:11:42.001]    __FlashLen=0x00000000
[22:11:42.001]    __FlashArg=0x00000000
[22:11:42.002]    __FlashOp=0x00000000
[22:11:42.002]    __Result=0x00000000
[22:11:42.002]    
[22:11:42.002]    // User-defined
[22:11:42.002]    DbgMCU_CR=0x00000007
[22:11:42.002]  </debugvars>
[22:11:42.003]  
[22:11:42.003]  <sequence name="DebugCoreStart" Pname="" disable="false" info="">
[22:11:42.003]    <block atomic="false" info="">
[22:11:42.003]      Write32(0xE000EDF0, 0xA05F0001);                                        // Enable Core Debug via DHCSR
[22:11:42.004]        // -> [Write32(0xE000EDF0, 0xA05F0001)]   (__dp=0x00000000, __ap=0x00000000)
[22:11:42.004]      Write32(0xE0042004, DbgMCU_CR);                                         // DBGMCU_CR: Configure MCU Debug
[22:11:42.005]        // -> [Write32(0xE0042004, 0x00000007)]   (__dp=0x00000000, __ap=0x00000000)
[22:11:42.005]    </block>
[22:11:42.005]  </sequence>
[22:11:42.006]  
