/*
 *  CMSIS Pack Debug Access Sequence Log
 *  File        : C:\repo\stm32f103c8\sdk_2025\sdk2025_Sequences_0004.log
 *  Created     : 19:36:29 (23/03/2025)
 *  Device      : STM32F103C8
 *  PDSC File   : C:/Keil_v5/ARM/Packs/Keil/STM32F1xx_DFP/2.4.1/Keil.STM32F1xx_DFP.pdsc
 *  Config File : C:\repo\stm32f103c8\sdk_2025\DebugConfig\sdk_STM32F103C8_1.0.0.dbgconf
 *
 */

[19:36:29.949]  **********  Sequence "DebugDeviceUnlock"  (Context="Target Access", Pname="", info="")
[19:36:29.949]  
[19:36:29.950]  <debugvars>
[19:36:29.950]    // Pre-defined
[19:36:29.951]    __protocol=0x00010002      (Protocol="SWD", SWJ-DP="True")
[19:36:29.952]    __connection=0x00000202    (Connection Type="Flash", Reset Type="System Reset")
[19:36:29.952]    __dp=0x00000000
[19:36:29.952]    __ap=0x00000000
[19:36:29.952]    __traceout=0x00000001      (SWO Trace)
[19:36:29.953]    __errorcontrol=0x00000000  (Skip Errors="False")
[19:36:29.953]    __FlashAddr=0x00000000
[19:36:29.953]    __FlashLen=0x00000000
[19:36:29.953]    __FlashArg=0x00000000
[19:36:29.953]    __FlashOp=0x00000000
[19:36:29.954]    __Result=0x00000000
[19:36:29.954]    
[19:36:29.954]    // User-defined
[19:36:29.954]    DbgMCU_CR=0x00000007
[19:36:29.954]  </debugvars>
[19:36:29.954]  
[19:36:29.954]  <sequence name="DebugDeviceUnlock" Pname="" disable="false" info="">
[19:36:29.955]    <block atomic="false" info="">
[19:36:29.955]      Sequence("CheckID");
[19:36:29.955]        <sequence name="CheckID" Pname="" disable="false" info="">
[19:36:29.955]          <block atomic="false" info="">
[19:36:29.955]            __var pidr1 = 0;
[19:36:29.955]              // -> [pidr1 <= 0x00000000]
[19:36:29.956]            __var pidr2 = 0;
[19:36:29.956]              // -> [pidr2 <= 0x00000000]
[19:36:29.956]            __var jep106id = 0;
[19:36:29.956]              // -> [jep106id <= 0x00000000]
[19:36:29.957]            __var ROMTableBase = 0;
[19:36:29.957]              // -> [ROMTableBase <= 0x00000000]
[19:36:29.957]            __ap = 0;      // AHB-AP
[19:36:29.957]              // -> [__ap <= 0x00000000]
[19:36:29.958]            ROMTableBase = ReadAP(0xF8) & ~0x3;
[19:36:29.958]              // -> [ReadAP(0x000000F8) => 0xE00FF003]   (__dp=0x00000000, __ap=0x00000000)
[19:36:29.958]              // -> [ROMTableBase <= 0xE00FF000]
[19:36:29.959]            pidr1 = Read32(ROMTableBase + 0x0FE4);
[19:36:29.959]              // -> [Read32(0xE00FFFE4) => 0x00000004]   (__dp=0x00000000, __ap=0x00000000)
[19:36:29.959]              // -> [pidr1 <= 0x00000004]
[19:36:29.959]            pidr2 = Read32(ROMTableBase + 0x0FE8);
[19:36:29.960]              // -> [Read32(0xE00FFFE8) => 0x0000000A]   (__dp=0x00000000, __ap=0x00000000)
[19:36:29.960]              // -> [pidr2 <= 0x0000000A]
[19:36:29.960]            jep106id = ((pidr2 & 0x7) << 4 ) | ((pidr1 >> 4) & 0xF);
[19:36:29.960]              // -> [jep106id <= 0x00000020]
[19:36:29.960]          </block>
[19:36:29.960]          <control if="jep106id != 0x20" while="" timeout="0" info="">
[19:36:29.961]            // if-block "jep106id != 0x20"
[19:36:29.961]              // =>  FALSE
[19:36:29.961]            // skip if-block "jep106id != 0x20"
[19:36:29.961]          </control>
[19:36:29.961]        </sequence>
[19:36:29.961]    </block>
[19:36:29.962]  </sequence>
[19:36:29.962]  
[19:36:29.962]  **********  Sequence "DebugCoreStart"  (Context="Target Access", Pname="", info="")
[19:36:29.962]  
[19:36:29.962]  <debugvars>
[19:36:29.962]    // Pre-defined
[19:36:29.962]    __protocol=0x00010002      (Protocol="SWD", SWJ-DP="True")
[19:36:29.963]    __connection=0x00000202    (Connection Type="Flash", Reset Type="System Reset")
[19:36:29.963]    __dp=0x00000000
[19:36:29.963]    __ap=0x00000000
[19:36:29.963]    __traceout=0x00000001      (SWO Trace)
[19:36:29.963]    __errorcontrol=0x00000000  (Skip Errors="False")
[19:36:29.964]    __FlashAddr=0x00000000
[19:36:29.964]    __FlashLen=0x00000000
[19:36:29.964]    __FlashArg=0x00000000
[19:36:29.964]    __FlashOp=0x00000000
[19:36:29.964]    __Result=0x00000000
[19:36:29.964]    
[19:36:29.964]    // User-defined
[19:36:29.965]    DbgMCU_CR=0x00000007
[19:36:29.965]  </debugvars>
[19:36:29.965]  
[19:36:29.965]  <sequence name="DebugCoreStart" Pname="" disable="false" info="">
[19:36:29.965]    <block atomic="false" info="">
[19:36:29.966]      Write32(0xE000EDF0, 0xA05F0001);                                        // Enable Core Debug via DHCSR
[19:36:29.966]        // -> [Write32(0xE000EDF0, 0xA05F0001)]   (__dp=0x00000000, __ap=0x00000000)
[19:36:29.966]      Write32(0xE0042004, DbgMCU_CR);                                         // DBGMCU_CR: Configure MCU Debug
[19:36:29.967]        // -> [Write32(0xE0042004, 0x00000007)]   (__dp=0x00000000, __ap=0x00000000)
[19:36:29.967]    </block>
[19:36:29.967]  </sequence>
[19:36:29.967]  
[19:37:15.380]  **********  Sequence "DebugDeviceUnlock"  (Context="Target Access", Pname="", info="")
[19:37:15.380]  
[19:37:15.380]  <debugvars>
[19:37:15.381]    // Pre-defined
[19:37:15.381]    __protocol=0x00010002      (Protocol="SWD", SWJ-DP="True")
[19:37:15.381]    __connection=0x00000202    (Connection Type="Flash", Reset Type="System Reset")
[19:37:15.381]    __dp=0x00000000
[19:37:15.382]    __ap=0x00000000
[19:37:15.382]    __traceout=0x00000001      (SWO Trace)
[19:37:15.382]    __errorcontrol=0x00000000  (Skip Errors="False")
[19:37:15.382]    __FlashAddr=0x00000000
[19:37:15.382]    __FlashLen=0x00000000
[19:37:15.382]    __FlashArg=0x00000000
[19:37:15.383]    __FlashOp=0x00000000
[19:37:15.383]    __Result=0x00000000
[19:37:15.383]    
[19:37:15.383]    // User-defined
[19:37:15.383]    DbgMCU_CR=0x00000007
[19:37:15.383]  </debugvars>
[19:37:15.384]  
[19:37:15.384]  <sequence name="DebugDeviceUnlock" Pname="" disable="false" info="">
[19:37:15.384]    <block atomic="false" info="">
[19:37:15.384]      Sequence("CheckID");
[19:37:15.384]        <sequence name="CheckID" Pname="" disable="false" info="">
[19:37:15.384]          <block atomic="false" info="">
[19:37:15.385]            __var pidr1 = 0;
[19:37:15.385]              // -> [pidr1 <= 0x00000000]
[19:37:15.385]            __var pidr2 = 0;
[19:37:15.385]              // -> [pidr2 <= 0x00000000]
[19:37:15.386]            __var jep106id = 0;
[19:37:15.386]              // -> [jep106id <= 0x00000000]
[19:37:15.386]            __var ROMTableBase = 0;
[19:37:15.386]              // -> [ROMTableBase <= 0x00000000]
[19:37:15.387]            __ap = 0;      // AHB-AP
[19:37:15.387]              // -> [__ap <= 0x00000000]
[19:37:15.387]            ROMTableBase = ReadAP(0xF8) & ~0x3;
[19:37:15.387]              // -> [ReadAP(0x000000F8) => 0xE00FF003]   (__dp=0x00000000, __ap=0x00000000)
[19:37:15.388]              // -> [ROMTableBase <= 0xE00FF000]
[19:37:15.388]            pidr1 = Read32(ROMTableBase + 0x0FE4);
[19:37:15.388]              // -> [Read32(0xE00FFFE4) => 0x00000004]   (__dp=0x00000000, __ap=0x00000000)
[19:37:15.388]              // -> [pidr1 <= 0x00000004]
[19:37:15.389]            pidr2 = Read32(ROMTableBase + 0x0FE8);
[19:37:15.389]              // -> [Read32(0xE00FFFE8) => 0x0000000A]   (__dp=0x00000000, __ap=0x00000000)
[19:37:15.389]              // -> [pidr2 <= 0x0000000A]
[19:37:15.389]            jep106id = ((pidr2 & 0x7) << 4 ) | ((pidr1 >> 4) & 0xF);
[19:37:15.389]              // -> [jep106id <= 0x00000020]
[19:37:15.389]          </block>
[19:37:15.390]          <control if="jep106id != 0x20" while="" timeout="0" info="">
[19:37:15.390]            // if-block "jep106id != 0x20"
[19:37:15.390]              // =>  FALSE
[19:37:15.390]            // skip if-block "jep106id != 0x20"
[19:37:15.390]          </control>
[19:37:15.390]        </sequence>
[19:37:15.391]    </block>
[19:37:15.391]  </sequence>
[19:37:15.391]  
[19:37:15.391]  **********  Sequence "DebugCoreStart"  (Context="Target Access", Pname="", info="")
[19:37:15.391]  
[19:37:15.391]  <debugvars>
[19:37:15.392]    // Pre-defined
[19:37:15.392]    __protocol=0x00010002      (Protocol="SWD", SWJ-DP="True")
[19:37:15.392]    __connection=0x00000202    (Connection Type="Flash", Reset Type="System Reset")
[19:37:15.392]    __dp=0x00000000
[19:37:15.392]    __ap=0x00000000
[19:37:15.393]    __traceout=0x00000001      (SWO Trace)
[19:37:15.393]    __errorcontrol=0x00000000  (Skip Errors="False")
[19:37:15.393]    __FlashAddr=0x00000000
[19:37:15.393]    __FlashLen=0x00000000
[19:37:15.393]    __FlashArg=0x00000000
[19:37:15.393]    __FlashOp=0x00000000
[19:37:15.394]    __Result=0x00000000
[19:37:15.394]    
[19:37:15.394]    // User-defined
[19:37:15.394]    DbgMCU_CR=0x00000007
[19:37:15.394]  </debugvars>
[19:37:15.394]  
[19:37:15.394]  <sequence name="DebugCoreStart" Pname="" disable="false" info="">
[19:37:15.395]    <block atomic="false" info="">
[19:37:15.395]      Write32(0xE000EDF0, 0xA05F0001);                                        // Enable Core Debug via DHCSR
[19:37:15.396]        // -> [Write32(0xE000EDF0, 0xA05F0001)]   (__dp=0x00000000, __ap=0x00000000)
[19:37:15.396]      Write32(0xE0042004, DbgMCU_CR);                                         // DBGMCU_CR: Configure MCU Debug
[19:37:15.396]        // -> [Write32(0xE0042004, 0x00000007)]   (__dp=0x00000000, __ap=0x00000000)
[19:37:15.396]    </block>
[19:37:15.397]  </sequence>
[19:37:15.397]  
