/*
 *  CMSIS Pack Debug Access Sequence Log
 *  File        : C:\repo\stm32f103c8\sdk_2025\sdk2025_Sequences_0006.log
 *  Created     : 21:17:19 (23/03/2025)
 *  Device      : STM32F103C8
 *  PDSC File   : C:/Keil_v5/ARM/Packs/Keil/STM32F1xx_DFP/2.4.1/Keil.STM32F1xx_DFP.pdsc
 *  Config File : C:\repo\stm32f103c8\sdk_2025\DebugConfig\sdk_STM32F103C8_1.0.0.dbgconf
 *
 */

[21:17:19.269]  **********  Sequence "DebugDeviceUnlock"  (Context="Target Access", Pname="", info="")
[21:17:19.269]  
[21:17:19.270]  <debugvars>
[21:17:19.271]    // Pre-defined
[21:17:19.271]    __protocol=0x00010002      (Protocol="SWD", SWJ-DP="True")
[21:17:19.272]    __connection=0x00000202    (Connection Type="Flash", Reset Type="System Reset")
[21:17:19.272]    __dp=0x00000000
[21:17:19.272]    __ap=0x00000000
[21:17:19.272]    __traceout=0x00000001      (SWO Trace)
[21:17:19.272]    __errorcontrol=0x00000000  (Skip Errors="False")
[21:17:19.272]    __FlashAddr=0x00000000
[21:17:19.273]    __FlashLen=0x00000000
[21:17:19.273]    __FlashArg=0x00000000
[21:17:19.273]    __FlashOp=0x00000000
[21:17:19.273]    __Result=0x00000000
[21:17:19.273]    
[21:17:19.273]    // User-defined
[21:17:19.273]    DbgMCU_CR=0x00000007
[21:17:19.274]  </debugvars>
[21:17:19.274]  
[21:17:19.274]  <sequence name="DebugDeviceUnlock" Pname="" disable="false" info="">
[21:17:19.274]    <block atomic="false" info="">
[21:17:19.274]      Sequence("CheckID");
[21:17:19.274]        <sequence name="CheckID" Pname="" disable="false" info="">
[21:17:19.275]          <block atomic="false" info="">
[21:17:19.275]            __var pidr1 = 0;
[21:17:19.275]              // -> [pidr1 <= 0x00000000]
[21:17:19.275]            __var pidr2 = 0;
[21:17:19.276]              // -> [pidr2 <= 0x00000000]
[21:17:19.276]            __var jep106id = 0;
[21:17:19.276]              // -> [jep106id <= 0x00000000]
[21:17:19.276]            __var ROMTableBase = 0;
[21:17:19.277]              // -> [ROMTableBase <= 0x00000000]
[21:17:19.277]            __ap = 0;      // AHB-AP
[21:17:19.277]              // -> [__ap <= 0x00000000]
[21:17:19.277]            ROMTableBase = ReadAP(0xF8) & ~0x3;
[21:17:19.278]              // -> [ReadAP(0x000000F8) => 0xE00FF003]   (__dp=0x00000000, __ap=0x00000000)
[21:17:19.278]              // -> [ROMTableBase <= 0xE00FF000]
[21:17:19.278]            pidr1 = Read32(ROMTableBase + 0x0FE4);
[21:17:19.278]              // -> [Read32(0xE00FFFE4) => 0x00000004]   (__dp=0x00000000, __ap=0x00000000)
[21:17:19.279]              // -> [pidr1 <= 0x00000004]
[21:17:19.279]            pidr2 = Read32(ROMTableBase + 0x0FE8);
[21:17:19.279]              // -> [Read32(0xE00FFFE8) => 0x0000000A]   (__dp=0x00000000, __ap=0x00000000)
[21:17:19.280]              // -> [pidr2 <= 0x0000000A]
[21:17:19.280]            jep106id = ((pidr2 & 0x7) << 4 ) | ((pidr1 >> 4) & 0xF);
[21:17:19.280]              // -> [jep106id <= 0x00000020]
[21:17:19.280]          </block>
[21:17:19.280]          <control if="jep106id != 0x20" while="" timeout="0" info="">
[21:17:19.280]            // if-block "jep106id != 0x20"
[21:17:19.280]              // =>  FALSE
[21:17:19.281]            // skip if-block "jep106id != 0x20"
[21:17:19.281]          </control>
[21:17:19.281]        </sequence>
[21:17:19.281]    </block>
[21:17:19.281]  </sequence>
[21:17:19.281]  
[21:17:19.281]  **********  Sequence "DebugCoreStart"  (Context="Target Access", Pname="", info="")
[21:17:19.281]  
[21:17:19.281]  <debugvars>
[21:17:19.281]    // Pre-defined
[21:17:19.282]    __protocol=0x00010002      (Protocol="SWD", SWJ-DP="True")
[21:17:19.282]    __connection=0x00000202    (Connection Type="Flash", Reset Type="System Reset")
[21:17:19.282]    __dp=0x00000000
[21:17:19.282]    __ap=0x00000000
[21:17:19.282]    __traceout=0x00000001      (SWO Trace)
[21:17:19.282]    __errorcontrol=0x00000000  (Skip Errors="False")
[21:17:19.283]    __FlashAddr=0x00000000
[21:17:19.283]    __FlashLen=0x00000000
[21:17:19.283]    __FlashArg=0x00000000
[21:17:19.283]    __FlashOp=0x00000000
[21:17:19.283]    __Result=0x00000000
[21:17:19.283]    
[21:17:19.283]    // User-defined
[21:17:19.284]    DbgMCU_CR=0x00000007
[21:17:19.284]  </debugvars>
[21:17:19.284]  
[21:17:19.284]  <sequence name="DebugCoreStart" Pname="" disable="false" info="">
[21:17:19.284]    <block atomic="false" info="">
[21:17:19.284]      Write32(0xE000EDF0, 0xA05F0001);                                        // Enable Core Debug via DHCSR
[21:17:19.285]        // -> [Write32(0xE000EDF0, 0xA05F0001)]   (__dp=0x00000000, __ap=0x00000000)
[21:17:19.285]      Write32(0xE0042004, DbgMCU_CR);                                         // DBGMCU_CR: Configure MCU Debug
[21:17:19.286]        // -> [Write32(0xE0042004, 0x00000007)]   (__dp=0x00000000, __ap=0x00000000)
[21:17:19.286]    </block>
[21:17:19.286]  </sequence>
[21:17:19.286]  
[21:32:03.199]  **********  Sequence "DebugDeviceUnlock"  (Context="Target Access", Pname="", info="")
[21:32:03.199]  
[21:32:03.199]  <debugvars>
[21:32:03.199]    // Pre-defined
[21:32:03.200]    __protocol=0x00010002      (Protocol="SWD", SWJ-DP="True")
[21:32:03.200]    __connection=0x00000202    (Connection Type="Flash", Reset Type="System Reset")
[21:32:03.200]    __dp=0x00000000
[21:32:03.200]    __ap=0x00000000
[21:32:03.200]    __traceout=0x00000001      (SWO Trace)
[21:32:03.201]    __errorcontrol=0x00000000  (Skip Errors="False")
[21:32:03.201]    __FlashAddr=0x00000000
[21:32:03.201]    __FlashLen=0x00000000
[21:32:03.201]    __FlashArg=0x00000000
[21:32:03.201]    __FlashOp=0x00000000
[21:32:03.201]    __Result=0x00000000
[21:32:03.202]    
[21:32:03.202]    // User-defined
[21:32:03.202]    DbgMCU_CR=0x00000007
[21:32:03.202]  </debugvars>
[21:32:03.202]  
[21:32:03.202]  <sequence name="DebugDeviceUnlock" Pname="" disable="false" info="">
[21:32:03.202]    <block atomic="false" info="">
[21:32:03.202]      Sequence("CheckID");
[21:32:03.202]        <sequence name="CheckID" Pname="" disable="false" info="">
[21:32:03.202]          <block atomic="false" info="">
[21:32:03.202]            __var pidr1 = 0;
[21:32:03.202]              // -> [pidr1 <= 0x00000000]
[21:32:03.203]            __var pidr2 = 0;
[21:32:03.203]              // -> [pidr2 <= 0x00000000]
[21:32:03.203]            __var jep106id = 0;
[21:32:03.203]              // -> [jep106id <= 0x00000000]
[21:32:03.203]            __var ROMTableBase = 0;
[21:32:03.203]              // -> [ROMTableBase <= 0x00000000]
[21:32:03.204]            __ap = 0;      // AHB-AP
[21:32:03.204]              // -> [__ap <= 0x00000000]
[21:32:03.204]            ROMTableBase = ReadAP(0xF8) & ~0x3;
[21:32:03.204]              // -> [ReadAP(0x000000F8) => 0xE00FF003]   (__dp=0x00000000, __ap=0x00000000)
[21:32:03.204]              // -> [ROMTableBase <= 0xE00FF000]
[21:32:03.205]            pidr1 = Read32(ROMTableBase + 0x0FE4);
[21:32:03.205]              // -> [Read32(0xE00FFFE4) => 0x00000004]   (__dp=0x00000000, __ap=0x00000000)
[21:32:03.205]              // -> [pidr1 <= 0x00000004]
[21:32:03.205]            pidr2 = Read32(ROMTableBase + 0x0FE8);
[21:32:03.206]              // -> [Read32(0xE00FFFE8) => 0x0000000A]   (__dp=0x00000000, __ap=0x00000000)
[21:32:03.206]              // -> [pidr2 <= 0x0000000A]
[21:32:03.206]            jep106id = ((pidr2 & 0x7) << 4 ) | ((pidr1 >> 4) & 0xF);
[21:32:03.206]              // -> [jep106id <= 0x00000020]
[21:32:03.207]          </block>
[21:32:03.207]          <control if="jep106id != 0x20" while="" timeout="0" info="">
[21:32:03.207]            // if-block "jep106id != 0x20"
[21:32:03.207]              // =>  FALSE
[21:32:03.207]            // skip if-block "jep106id != 0x20"
[21:32:03.207]          </control>
[21:32:03.208]        </sequence>
[21:32:03.208]    </block>
[21:32:03.208]  </sequence>
[21:32:03.208]  
[21:32:03.208]  **********  Sequence "DebugCoreStart"  (Context="Target Access", Pname="", info="")
[21:32:03.208]  
[21:32:03.208]  <debugvars>
[21:32:03.209]    // Pre-defined
[21:32:03.209]    __protocol=0x00010002      (Protocol="SWD", SWJ-DP="True")
[21:32:03.209]    __connection=0x00000202    (Connection Type="Flash", Reset Type="System Reset")
[21:32:03.209]    __dp=0x00000000
[21:32:03.209]    __ap=0x00000000
[21:32:03.210]    __traceout=0x00000001      (SWO Trace)
[21:32:03.210]    __errorcontrol=0x00000000  (Skip Errors="False")
[21:32:03.210]    __FlashAddr=0x00000000
[21:32:03.210]    __FlashLen=0x00000000
[21:32:03.210]    __FlashArg=0x00000000
[21:32:03.210]    __FlashOp=0x00000000
[21:32:03.211]    __Result=0x00000000
[21:32:03.211]    
[21:32:03.211]    // User-defined
[21:32:03.211]    DbgMCU_CR=0x00000007
[21:32:03.211]  </debugvars>
[21:32:03.211]  
[21:32:03.212]  <sequence name="DebugCoreStart" Pname="" disable="false" info="">
[21:32:03.212]    <block atomic="false" info="">
[21:32:03.212]      Write32(0xE000EDF0, 0xA05F0001);                                        // Enable Core Debug via DHCSR
[21:32:03.213]        // -> [Write32(0xE000EDF0, 0xA05F0001)]   (__dp=0x00000000, __ap=0x00000000)
[21:32:03.213]      Write32(0xE0042004, DbgMCU_CR);                                         // DBGMCU_CR: Configure MCU Debug
[21:32:03.214]        // -> [Write32(0xE0042004, 0x00000007)]   (__dp=0x00000000, __ap=0x00000000)
[21:32:03.214]    </block>
[21:32:03.214]  </sequence>
[21:32:03.214]  
[21:48:00.505]  **********  Sequence "DebugDeviceUnlock"  (Context="Target Access", Pname="", info="")
[21:48:00.505]  
[21:48:00.505]  <debugvars>
[21:48:00.505]    // Pre-defined
[21:48:00.505]    __protocol=0x00010002      (Protocol="SWD", SWJ-DP="True")
[21:48:00.505]    __connection=0x00000202    (Connection Type="Flash", Reset Type="System Reset")
[21:48:00.507]    __dp=0x00000000
[21:48:00.507]    __ap=0x00000000
[21:48:00.507]    __traceout=0x00000001      (SWO Trace)
[21:48:00.507]    __errorcontrol=0x00000000  (Skip Errors="False")
[21:48:00.507]    __FlashAddr=0x00000000
[21:48:00.507]    __FlashLen=0x00000000
[21:48:00.507]    __FlashArg=0x00000000
[21:48:00.507]    __FlashOp=0x00000000
[21:48:00.508]    __Result=0x00000000
[21:48:00.508]    
[21:48:00.508]    // User-defined
[21:48:00.508]    DbgMCU_CR=0x00000007
[21:48:00.508]  </debugvars>
[21:48:00.508]  
[21:48:00.508]  <sequence name="DebugDeviceUnlock" Pname="" disable="false" info="">
[21:48:00.508]    <block atomic="false" info="">
[21:48:00.509]      Sequence("CheckID");
[21:48:00.509]        <sequence name="CheckID" Pname="" disable="false" info="">
[21:48:00.509]          <block atomic="false" info="">
[21:48:00.509]            __var pidr1 = 0;
[21:48:00.509]              // -> [pidr1 <= 0x00000000]
[21:48:00.509]            __var pidr2 = 0;
[21:48:00.510]              // -> [pidr2 <= 0x00000000]
[21:48:00.510]            __var jep106id = 0;
[21:48:00.510]              // -> [jep106id <= 0x00000000]
[21:48:00.510]            __var ROMTableBase = 0;
[21:48:00.510]              // -> [ROMTableBase <= 0x00000000]
[21:48:00.510]            __ap = 0;      // AHB-AP
[21:48:00.511]              // -> [__ap <= 0x00000000]
[21:48:00.511]            ROMTableBase = ReadAP(0xF8) & ~0x3;
[21:48:00.511]              // -> [ReadAP(0x000000F8) => 0xE00FF003]   (__dp=0x00000000, __ap=0x00000000)
[21:48:00.511]              // -> [ROMTableBase <= 0xE00FF000]
[21:48:00.511]            pidr1 = Read32(ROMTableBase + 0x0FE4);
[21:48:00.512]              // -> [Read32(0xE00FFFE4) => 0x00000004]   (__dp=0x00000000, __ap=0x00000000)
[21:48:00.512]              // -> [pidr1 <= 0x00000004]
[21:48:00.512]            pidr2 = Read32(ROMTableBase + 0x0FE8);
[21:48:00.513]              // -> [Read32(0xE00FFFE8) => 0x0000000A]   (__dp=0x00000000, __ap=0x00000000)
[21:48:00.513]              // -> [pidr2 <= 0x0000000A]
[21:48:00.513]            jep106id = ((pidr2 & 0x7) << 4 ) | ((pidr1 >> 4) & 0xF);
[21:48:00.514]              // -> [jep106id <= 0x00000020]
[21:48:00.514]          </block>
[21:48:00.514]          <control if="jep106id != 0x20" while="" timeout="0" info="">
[21:48:00.514]            // if-block "jep106id != 0x20"
[21:48:00.515]              // =>  FALSE
[21:48:00.515]            // skip if-block "jep106id != 0x20"
[21:48:00.515]          </control>
[21:48:00.515]        </sequence>
[21:48:00.515]    </block>
[21:48:00.516]  </sequence>
[21:48:00.516]  
[21:48:00.516]  **********  Sequence "DebugCoreStart"  (Context="Target Access", Pname="", info="")
[21:48:00.516]  
[21:48:00.516]  <debugvars>
[21:48:00.516]    // Pre-defined
[21:48:00.517]    __protocol=0x00010002      (Protocol="SWD", SWJ-DP="True")
[21:48:00.517]    __connection=0x00000202    (Connection Type="Flash", Reset Type="System Reset")
[21:48:00.517]    __dp=0x00000000
[21:48:00.517]    __ap=0x00000000
[21:48:00.517]    __traceout=0x00000001      (SWO Trace)
[21:48:00.517]    __errorcontrol=0x00000000  (Skip Errors="False")
[21:48:00.517]    __FlashAddr=0x00000000
[21:48:00.518]    __FlashLen=0x00000000
[21:48:00.518]    __FlashArg=0x00000000
[21:48:00.518]    __FlashOp=0x00000000
[21:48:00.518]    __Result=0x00000000
[21:48:00.518]    
[21:48:00.518]    // User-defined
[21:48:00.518]    DbgMCU_CR=0x00000007
[21:48:00.519]  </debugvars>
[21:48:00.519]  
[21:48:00.519]  <sequence name="DebugCoreStart" Pname="" disable="false" info="">
[21:48:00.519]    <block atomic="false" info="">
[21:48:00.519]      Write32(0xE000EDF0, 0xA05F0001);                                        // Enable Core Debug via DHCSR
[21:48:00.520]        // -> [Write32(0xE000EDF0, 0xA05F0001)]   (__dp=0x00000000, __ap=0x00000000)
[21:48:00.520]      Write32(0xE0042004, DbgMCU_CR);                                         // DBGMCU_CR: Configure MCU Debug
[21:48:00.521]        // -> [Write32(0xE0042004, 0x00000007)]   (__dp=0x00000000, __ap=0x00000000)
[21:48:00.521]    </block>
[21:48:00.521]  </sequence>
[21:48:00.521]  
[21:51:06.146]  **********  Sequence "DebugDeviceUnlock"  (Context="Target Access", Pname="", info="")
[21:51:06.146]  
[21:51:06.146]  <debugvars>
[21:51:06.146]    // Pre-defined
[21:51:06.147]    __protocol=0x00010002      (Protocol="SWD", SWJ-DP="True")
[21:51:06.148]    __connection=0x00000202    (Connection Type="Flash", Reset Type="System Reset")
[21:51:06.148]    __dp=0x00000000
[21:51:06.148]    __ap=0x00000000
[21:51:06.148]    __traceout=0x00000001      (SWO Trace)
[21:51:06.148]    __errorcontrol=0x00000000  (Skip Errors="False")
[21:51:06.148]    __FlashAddr=0x00000000
[21:51:06.148]    __FlashLen=0x00000000
[21:51:06.149]    __FlashArg=0x00000000
[21:51:06.149]    __FlashOp=0x00000000
[21:51:06.149]    __Result=0x00000000
[21:51:06.149]    
[21:51:06.149]    // User-defined
[21:51:06.149]    DbgMCU_CR=0x00000007
[21:51:06.149]  </debugvars>
[21:51:06.150]  
[21:51:06.150]  <sequence name="DebugDeviceUnlock" Pname="" disable="false" info="">
[21:51:06.150]    <block atomic="false" info="">
[21:51:06.150]      Sequence("CheckID");
[21:51:06.150]        <sequence name="CheckID" Pname="" disable="false" info="">
[21:51:06.150]          <block atomic="false" info="">
[21:51:06.151]            __var pidr1 = 0;
[21:51:06.151]              // -> [pidr1 <= 0x00000000]
[21:51:06.151]            __var pidr2 = 0;
[21:51:06.151]              // -> [pidr2 <= 0x00000000]
[21:51:06.151]            __var jep106id = 0;
[21:51:06.151]              // -> [jep106id <= 0x00000000]
[21:51:06.152]            __var ROMTableBase = 0;
[21:51:06.152]              // -> [ROMTableBase <= 0x00000000]
[21:51:06.152]            __ap = 0;      // AHB-AP
[21:51:06.152]              // -> [__ap <= 0x00000000]
[21:51:06.152]            ROMTableBase = ReadAP(0xF8) & ~0x3;
[21:51:06.153]              // -> [ReadAP(0x000000F8) => 0xE00FF003]   (__dp=0x00000000, __ap=0x00000000)
[21:51:06.153]              // -> [ROMTableBase <= 0xE00FF000]
[21:51:06.153]            pidr1 = Read32(ROMTableBase + 0x0FE4);
[21:51:06.153]              // -> [Read32(0xE00FFFE4) => 0x00000004]   (__dp=0x00000000, __ap=0x00000000)
[21:51:06.154]              // -> [pidr1 <= 0x00000004]
[21:51:06.154]            pidr2 = Read32(ROMTableBase + 0x0FE8);
[21:51:06.154]              // -> [Read32(0xE00FFFE8) => 0x0000000A]   (__dp=0x00000000, __ap=0x00000000)
[21:51:06.154]              // -> [pidr2 <= 0x0000000A]
[21:51:06.155]            jep106id = ((pidr2 & 0x7) << 4 ) | ((pidr1 >> 4) & 0xF);
[21:51:06.155]              // -> [jep106id <= 0x00000020]
[21:51:06.155]          </block>
[21:51:06.155]          <control if="jep106id != 0x20" while="" timeout="0" info="">
[21:51:06.156]            // if-block "jep106id != 0x20"
[21:51:06.156]              // =>  FALSE
[21:51:06.156]            // skip if-block "jep106id != 0x20"
[21:51:06.156]          </control>
[21:51:06.156]        </sequence>
[21:51:06.156]    </block>
[21:51:06.157]  </sequence>
[21:51:06.157]  
[21:51:06.157]  **********  Sequence "DebugCoreStart"  (Context="Target Access", Pname="", info="")
[21:51:06.157]  
[21:51:06.157]  <debugvars>
[21:51:06.158]    // Pre-defined
[21:51:06.158]    __protocol=0x00010002      (Protocol="SWD", SWJ-DP="True")
[21:51:06.158]    __connection=0x00000202    (Connection Type="Flash", Reset Type="System Reset")
[21:51:06.158]    __dp=0x00000000
[21:51:06.159]    __ap=0x00000000
[21:51:06.159]    __traceout=0x00000001      (SWO Trace)
[21:51:06.159]    __errorcontrol=0x00000000  (Skip Errors="False")
[21:51:06.159]    __FlashAddr=0x00000000
[21:51:06.159]    __FlashLen=0x00000000
[21:51:06.160]    __FlashArg=0x00000000
[21:51:06.160]    __FlashOp=0x00000000
[21:51:06.160]    __Result=0x00000000
[21:51:06.160]    
[21:51:06.160]    // User-defined
[21:51:06.160]    DbgMCU_CR=0x00000007
[21:51:06.160]  </debugvars>
[21:51:06.161]  
[21:51:06.161]  <sequence name="DebugCoreStart" Pname="" disable="false" info="">
[21:51:06.161]    <block atomic="false" info="">
[21:51:06.161]      Write32(0xE000EDF0, 0xA05F0001);                                        // Enable Core Debug via DHCSR
[21:51:06.162]        // -> [Write32(0xE000EDF0, 0xA05F0001)]   (__dp=0x00000000, __ap=0x00000000)
[21:51:06.162]      Write32(0xE0042004, DbgMCU_CR);                                         // DBGMCU_CR: Configure MCU Debug
[21:51:06.162]        // -> [Write32(0xE0042004, 0x00000007)]   (__dp=0x00000000, __ap=0x00000000)
[21:51:06.163]    </block>
[21:51:06.163]  </sequence>
[21:51:06.163]  
[21:51:15.896]  **********  Sequence "DebugDeviceUnlock"  (Context="Target Access", Pname="", info="")
[21:51:15.896]  
[21:51:15.896]  <debugvars>
[21:51:15.896]    // Pre-defined
[21:51:15.897]    __protocol=0x00010002      (Protocol="SWD", SWJ-DP="True")
[21:51:15.897]    __connection=0x00000202    (Connection Type="Flash", Reset Type="System Reset")
[21:51:15.897]    __dp=0x00000000
[21:51:15.898]    __ap=0x00000000
[21:51:15.898]    __traceout=0x00000001      (SWO Trace)
[21:51:15.898]    __errorcontrol=0x00000000  (Skip Errors="False")
[21:51:15.898]    __FlashAddr=0x00000000
[21:51:15.899]    __FlashLen=0x00000000
[21:51:15.899]    __FlashArg=0x00000000
[21:51:15.899]    __FlashOp=0x00000000
[21:51:15.899]    __Result=0x00000000
[21:51:15.900]    
[21:51:15.900]    // User-defined
[21:51:15.900]    DbgMCU_CR=0x00000007
[21:51:15.900]  </debugvars>
[21:51:15.900]  
[21:51:15.900]  <sequence name="DebugDeviceUnlock" Pname="" disable="false" info="">
[21:51:15.900]    <block atomic="false" info="">
[21:51:15.901]      Sequence("CheckID");
[21:51:15.901]        <sequence name="CheckID" Pname="" disable="false" info="">
[21:51:15.901]          <block atomic="false" info="">
[21:51:15.901]            __var pidr1 = 0;
[21:51:15.901]              // -> [pidr1 <= 0x00000000]
[21:51:15.901]            __var pidr2 = 0;
[21:51:15.901]              // -> [pidr2 <= 0x00000000]
[21:51:15.902]            __var jep106id = 0;
[21:51:15.902]              // -> [jep106id <= 0x00000000]
[21:51:15.902]            __var ROMTableBase = 0;
[21:51:15.902]              // -> [ROMTableBase <= 0x00000000]
[21:51:15.902]            __ap = 0;      // AHB-AP
[21:51:15.902]              // -> [__ap <= 0x00000000]
[21:51:15.903]            ROMTableBase = ReadAP(0xF8) & ~0x3;
[21:51:15.903]              // -> [ReadAP(0x000000F8) => 0xE00FF003]   (__dp=0x00000000, __ap=0x00000000)
[21:51:15.903]              // -> [ROMTableBase <= 0xE00FF000]
[21:51:15.903]            pidr1 = Read32(ROMTableBase + 0x0FE4);
[21:51:15.904]              // -> [Read32(0xE00FFFE4) => 0x00000004]   (__dp=0x00000000, __ap=0x00000000)
[21:51:15.904]              // -> [pidr1 <= 0x00000004]
[21:51:15.904]            pidr2 = Read32(ROMTableBase + 0x0FE8);
[21:51:15.905]              // -> [Read32(0xE00FFFE8) => 0x0000000A]   (__dp=0x00000000, __ap=0x00000000)
[21:51:15.905]              // -> [pidr2 <= 0x0000000A]
[21:51:15.905]            jep106id = ((pidr2 & 0x7) << 4 ) | ((pidr1 >> 4) & 0xF);
[21:51:15.905]              // -> [jep106id <= 0x00000020]
[21:51:15.905]          </block>
[21:51:15.906]          <control if="jep106id != 0x20" while="" timeout="0" info="">
[21:51:15.906]            // if-block "jep106id != 0x20"
[21:51:15.906]              // =>  FALSE
[21:51:15.906]            // skip if-block "jep106id != 0x20"
[21:51:15.906]          </control>
[21:51:15.906]        </sequence>
[21:51:15.906]    </block>
[21:51:15.907]  </sequence>
[21:51:15.907]  
[21:51:15.907]  **********  Sequence "DebugCoreStart"  (Context="Target Access", Pname="", info="")
[21:51:15.907]  
[21:51:15.907]  <debugvars>
[21:51:15.907]    // Pre-defined
[21:51:15.908]    __protocol=0x00010002      (Protocol="SWD", SWJ-DP="True")
[21:51:15.908]    __connection=0x00000202    (Connection Type="Flash", Reset Type="System Reset")
[21:51:15.908]    __dp=0x00000000
[21:51:15.908]    __ap=0x00000000
[21:51:15.908]    __traceout=0x00000001      (SWO Trace)
[21:51:15.908]    __errorcontrol=0x00000000  (Skip Errors="False")
[21:51:15.909]    __FlashAddr=0x00000000
[21:51:15.909]    __FlashLen=0x00000000
[21:51:15.909]    __FlashArg=0x00000000
[21:51:15.909]    __FlashOp=0x00000000
[21:51:15.909]    __Result=0x00000000
[21:51:15.909]    
[21:51:15.909]    // User-defined
[21:51:15.910]    DbgMCU_CR=0x00000007
[21:51:15.910]  </debugvars>
[21:51:15.910]  
[21:51:15.910]  <sequence name="DebugCoreStart" Pname="" disable="false" info="">
[21:51:15.910]    <block atomic="false" info="">
[21:51:15.910]      Write32(0xE000EDF0, 0xA05F0001);                                        // Enable Core Debug via DHCSR
[21:51:15.911]        // -> [Write32(0xE000EDF0, 0xA05F0001)]   (__dp=0x00000000, __ap=0x00000000)
[21:51:15.911]      Write32(0xE0042004, DbgMCU_CR);                                         // DBGMCU_CR: Configure MCU Debug
[21:51:15.912]        // -> [Write32(0xE0042004, 0x00000007)]   (__dp=0x00000000, __ap=0x00000000)
[21:51:15.912]    </block>
[21:51:15.912]  </sequence>
[21:51:15.913]  
[21:54:24.723]  **********  Sequence "DebugDeviceUnlock"  (Context="Target Access", Pname="", info="")
[21:54:24.723]  
[21:54:24.724]  <debugvars>
[21:54:24.724]    // Pre-defined
[21:54:24.724]    __protocol=0x00010002      (Protocol="SWD", SWJ-DP="True")
[21:54:24.724]    __connection=0x00000202    (Connection Type="Flash", Reset Type="System Reset")
[21:54:24.725]    __dp=0x00000000
[21:54:24.725]    __ap=0x00000000
[21:54:24.725]    __traceout=0x00000001      (SWO Trace)
[21:54:24.725]    __errorcontrol=0x00000000  (Skip Errors="False")
[21:54:24.725]    __FlashAddr=0x00000000
[21:54:24.726]    __FlashLen=0x00000000
[21:54:24.726]    __FlashArg=0x00000000
[21:54:24.726]    __FlashOp=0x00000000
[21:54:24.726]    __Result=0x00000000
[21:54:24.726]    
[21:54:24.726]    // User-defined
[21:54:24.727]    DbgMCU_CR=0x00000007
[21:54:24.727]  </debugvars>
[21:54:24.727]  
[21:54:24.727]  <sequence name="DebugDeviceUnlock" Pname="" disable="false" info="">
[21:54:24.727]    <block atomic="false" info="">
[21:54:24.728]      Sequence("CheckID");
[21:54:24.728]        <sequence name="CheckID" Pname="" disable="false" info="">
[21:54:24.728]          <block atomic="false" info="">
[21:54:24.728]            __var pidr1 = 0;
[21:54:24.728]              // -> [pidr1 <= 0x00000000]
[21:54:24.728]            __var pidr2 = 0;
[21:54:24.729]              // -> [pidr2 <= 0x00000000]
[21:54:24.729]            __var jep106id = 0;
[21:54:24.729]              // -> [jep106id <= 0x00000000]
[21:54:24.729]            __var ROMTableBase = 0;
[21:54:24.729]              // -> [ROMTableBase <= 0x00000000]
[21:54:24.729]            __ap = 0;      // AHB-AP
[21:54:24.729]              // -> [__ap <= 0x00000000]
[21:54:24.729]            ROMTableBase = ReadAP(0xF8) & ~0x3;
[21:54:24.730]              // -> [ReadAP(0x000000F8) => 0xE00FF003]   (__dp=0x00000000, __ap=0x00000000)
[21:54:24.730]              // -> [ROMTableBase <= 0xE00FF000]
[21:54:24.730]            pidr1 = Read32(ROMTableBase + 0x0FE4);
[21:54:24.731]              // -> [Read32(0xE00FFFE4) => 0x00000004]   (__dp=0x00000000, __ap=0x00000000)
[21:54:24.731]              // -> [pidr1 <= 0x00000004]
[21:54:24.731]            pidr2 = Read32(ROMTableBase + 0x0FE8);
[21:54:24.731]              // -> [Read32(0xE00FFFE8) => 0x0000000A]   (__dp=0x00000000, __ap=0x00000000)
[21:54:24.732]              // -> [pidr2 <= 0x0000000A]
[21:54:24.732]            jep106id = ((pidr2 & 0x7) << 4 ) | ((pidr1 >> 4) & 0xF);
[21:54:24.732]              // -> [jep106id <= 0x00000020]
[21:54:24.732]          </block>
[21:54:24.732]          <control if="jep106id != 0x20" while="" timeout="0" info="">
[21:54:24.732]            // if-block "jep106id != 0x20"
[21:54:24.733]              // =>  FALSE
[21:54:24.733]            // skip if-block "jep106id != 0x20"
[21:54:24.733]          </control>
[21:54:24.733]        </sequence>
[21:54:24.733]    </block>
[21:54:24.733]  </sequence>
[21:54:24.734]  
[21:54:24.735]  **********  Sequence "DebugCoreStart"  (Context="Target Access", Pname="", info="")
[21:54:24.735]  
[21:54:24.735]  <debugvars>
[21:54:24.735]    // Pre-defined
[21:54:24.735]    __protocol=0x00010002      (Protocol="SWD", SWJ-DP="True")
[21:54:24.735]    __connection=0x00000202    (Connection Type="Flash", Reset Type="System Reset")
[21:54:24.736]    __dp=0x00000000
[21:54:24.736]    __ap=0x00000000
[21:54:24.736]    __traceout=0x00000001      (SWO Trace)
[21:54:24.736]    __errorcontrol=0x00000000  (Skip Errors="False")
[21:54:24.737]    __FlashAddr=0x00000000
[21:54:24.737]    __FlashLen=0x00000000
[21:54:24.737]    __FlashArg=0x00000000
[21:54:24.737]    __FlashOp=0x00000000
[21:54:24.737]    __Result=0x00000000
[21:54:24.738]    
[21:54:24.738]    // User-defined
[21:54:24.738]    DbgMCU_CR=0x00000007
[21:54:24.738]  </debugvars>
[21:54:24.738]  
[21:54:24.738]  <sequence name="DebugCoreStart" Pname="" disable="false" info="">
[21:54:24.738]    <block atomic="false" info="">
[21:54:24.738]      Write32(0xE000EDF0, 0xA05F0001);                                        // Enable Core Debug via DHCSR
[21:54:24.740]        // -> [Write32(0xE000EDF0, 0xA05F0001)]   (__dp=0x00000000, __ap=0x00000000)
[21:54:24.740]      Write32(0xE0042004, DbgMCU_CR);                                         // DBGMCU_CR: Configure MCU Debug
[21:54:24.741]        // -> [Write32(0xE0042004, 0x00000007)]   (__dp=0x00000000, __ap=0x00000000)
[21:54:24.741]    </block>
[21:54:24.741]  </sequence>
[21:54:24.741]  
[21:56:28.868]  **********  Sequence "DebugDeviceUnlock"  (Context="Target Access", Pname="", info="")
[21:56:28.868]  
[21:56:28.869]  <debugvars>
[21:56:28.869]    // Pre-defined
[21:56:28.869]    __protocol=0x00010002      (Protocol="SWD", SWJ-DP="True")
[21:56:28.869]    __connection=0x00000202    (Connection Type="Flash", Reset Type="System Reset")
[21:56:28.869]    __dp=0x00000000
[21:56:28.869]    __ap=0x00000000
[21:56:28.870]    __traceout=0x00000001      (SWO Trace)
[21:56:28.870]    __errorcontrol=0x00000000  (Skip Errors="False")
[21:56:28.870]    __FlashAddr=0x00000000
[21:56:28.870]    __FlashLen=0x00000000
[21:56:28.870]    __FlashArg=0x00000000
[21:56:28.871]    __FlashOp=0x00000000
[21:56:28.871]    __Result=0x00000000
[21:56:28.871]    
[21:56:28.871]    // User-defined
[21:56:28.871]    DbgMCU_CR=0x00000007
[21:56:28.871]  </debugvars>
[21:56:28.871]  
[21:56:28.871]  <sequence name="DebugDeviceUnlock" Pname="" disable="false" info="">
[21:56:28.872]    <block atomic="false" info="">
[21:56:28.872]      Sequence("CheckID");
[21:56:28.872]        <sequence name="CheckID" Pname="" disable="false" info="">
[21:56:28.872]          <block atomic="false" info="">
[21:56:28.872]            __var pidr1 = 0;
[21:56:28.872]              // -> [pidr1 <= 0x00000000]
[21:56:28.873]            __var pidr2 = 0;
[21:56:28.873]              // -> [pidr2 <= 0x00000000]
[21:56:28.873]            __var jep106id = 0;
[21:56:28.873]              // -> [jep106id <= 0x00000000]
[21:56:28.873]            __var ROMTableBase = 0;
[21:56:28.873]              // -> [ROMTableBase <= 0x00000000]
[21:56:28.874]            __ap = 0;      // AHB-AP
[21:56:28.874]              // -> [__ap <= 0x00000000]
[21:56:28.874]            ROMTableBase = ReadAP(0xF8) & ~0x3;
[21:56:28.874]              // -> [ReadAP(0x000000F8) => 0xE00FF003]   (__dp=0x00000000, __ap=0x00000000)
[21:56:28.874]              // -> [ROMTableBase <= 0xE00FF000]
[21:56:28.875]            pidr1 = Read32(ROMTableBase + 0x0FE4);
[21:56:28.875]              // -> [Read32(0xE00FFFE4) => 0x00000004]   (__dp=0x00000000, __ap=0x00000000)
[21:56:28.875]              // -> [pidr1 <= 0x00000004]
[21:56:28.875]            pidr2 = Read32(ROMTableBase + 0x0FE8);
[21:56:28.876]              // -> [Read32(0xE00FFFE8) => 0x0000000A]   (__dp=0x00000000, __ap=0x00000000)
[21:56:28.876]              // -> [pidr2 <= 0x0000000A]
[21:56:28.876]            jep106id = ((pidr2 & 0x7) << 4 ) | ((pidr1 >> 4) & 0xF);
[21:56:28.876]              // -> [jep106id <= 0x00000020]
[21:56:28.877]          </block>
[21:56:28.877]          <control if="jep106id != 0x20" while="" timeout="0" info="">
[21:56:28.877]            // if-block "jep106id != 0x20"
[21:56:28.877]              // =>  FALSE
[21:56:28.877]            // skip if-block "jep106id != 0x20"
[21:56:28.877]          </control>
[21:56:28.877]        </sequence>
[21:56:28.877]    </block>
[21:56:28.877]  </sequence>
[21:56:28.877]  
[21:56:28.878]  **********  Sequence "DebugCoreStart"  (Context="Target Access", Pname="", info="")
[21:56:28.878]  
[21:56:28.878]  <debugvars>
[21:56:28.878]    // Pre-defined
[21:56:28.878]    __protocol=0x00010002      (Protocol="SWD", SWJ-DP="True")
[21:56:28.878]    __connection=0x00000202    (Connection Type="Flash", Reset Type="System Reset")
[21:56:28.879]    __dp=0x00000000
[21:56:28.879]    __ap=0x00000000
[21:56:28.879]    __traceout=0x00000001      (SWO Trace)
[21:56:28.879]    __errorcontrol=0x00000000  (Skip Errors="False")
[21:56:28.879]    __FlashAddr=0x00000000
[21:56:28.880]    __FlashLen=0x00000000
[21:56:28.880]    __FlashArg=0x00000000
[21:56:28.880]    __FlashOp=0x00000000
[21:56:28.880]    __Result=0x00000000
[21:56:28.880]    
[21:56:28.880]    // User-defined
[21:56:28.881]    DbgMCU_CR=0x00000007
[21:56:28.881]  </debugvars>
[21:56:28.881]  
[21:56:28.881]  <sequence name="DebugCoreStart" Pname="" disable="false" info="">
[21:56:28.881]    <block atomic="false" info="">
[21:56:28.881]      Write32(0xE000EDF0, 0xA05F0001);                                        // Enable Core Debug via DHCSR
[21:56:28.883]        // -> [Write32(0xE000EDF0, 0xA05F0001)]   (__dp=0x00000000, __ap=0x00000000)
[21:56:28.883]      Write32(0xE0042004, DbgMCU_CR);                                         // DBGMCU_CR: Configure MCU Debug
[21:56:28.884]        // -> [Write32(0xE0042004, 0x00000007)]   (__dp=0x00000000, __ap=0x00000000)
[21:56:28.884]    </block>
[21:56:28.884]  </sequence>
[21:56:28.884]  
[22:00:55.226]  **********  Sequence "DebugDeviceUnlock"  (Context="Target Access", Pname="", info="")
[22:00:55.226]  
[22:00:55.227]  <debugvars>
[22:00:55.227]    // Pre-defined
[22:00:55.227]    __protocol=0x00010002      (Protocol="SWD", SWJ-DP="True")
[22:00:55.227]    __connection=0x00000202    (Connection Type="Flash", Reset Type="System Reset")
[22:00:55.228]    __dp=0x00000000
[22:00:55.228]    __ap=0x00000000
[22:00:55.228]    __traceout=0x00000001      (SWO Trace)
[22:00:55.228]    __errorcontrol=0x00000000  (Skip Errors="False")
[22:00:55.228]    __FlashAddr=0x00000000
[22:00:55.229]    __FlashLen=0x00000000
[22:00:55.229]    __FlashArg=0x00000000
[22:00:55.229]    __FlashOp=0x00000000
[22:00:55.229]    __Result=0x00000000
[22:00:55.229]    
[22:00:55.229]    // User-defined
[22:00:55.229]    DbgMCU_CR=0x00000007
[22:00:55.230]  </debugvars>
[22:00:55.230]  
[22:00:55.230]  <sequence name="DebugDeviceUnlock" Pname="" disable="false" info="">
[22:00:55.231]    <block atomic="false" info="">
[22:00:55.231]      Sequence("CheckID");
[22:00:55.231]        <sequence name="CheckID" Pname="" disable="false" info="">
[22:00:55.231]          <block atomic="false" info="">
[22:00:55.231]            __var pidr1 = 0;
[22:00:55.231]              // -> [pidr1 <= 0x00000000]
[22:00:55.232]            __var pidr2 = 0;
[22:00:55.232]              // -> [pidr2 <= 0x00000000]
[22:00:55.232]            __var jep106id = 0;
[22:00:55.232]              // -> [jep106id <= 0x00000000]
[22:00:55.232]            __var ROMTableBase = 0;
[22:00:55.232]              // -> [ROMTableBase <= 0x00000000]
[22:00:55.233]            __ap = 0;      // AHB-AP
[22:00:55.233]              // -> [__ap <= 0x00000000]
[22:00:55.233]            ROMTableBase = ReadAP(0xF8) & ~0x3;
[22:00:55.233]              // -> [ReadAP(0x000000F8) => 0xE00FF003]   (__dp=0x00000000, __ap=0x00000000)
[22:00:55.233]              // -> [ROMTableBase <= 0xE00FF000]
[22:00:55.234]            pidr1 = Read32(ROMTableBase + 0x0FE4);
[22:00:55.234]              // -> [Read32(0xE00FFFE4) => 0x00000004]   (__dp=0x00000000, __ap=0x00000000)
[22:00:55.234]              // -> [pidr1 <= 0x00000004]
[22:00:55.235]            pidr2 = Read32(ROMTableBase + 0x0FE8);
[22:00:55.235]              // -> [Read32(0xE00FFFE8) => 0x0000000A]   (__dp=0x00000000, __ap=0x00000000)
[22:00:55.235]              // -> [pidr2 <= 0x0000000A]
[22:00:55.235]            jep106id = ((pidr2 & 0x7) << 4 ) | ((pidr1 >> 4) & 0xF);
[22:00:55.235]              // -> [jep106id <= 0x00000020]
[22:00:55.235]          </block>
[22:00:55.235]          <control if="jep106id != 0x20" while="" timeout="0" info="">
[22:00:55.235]            // if-block "jep106id != 0x20"
[22:00:55.236]              // =>  FALSE
[22:00:55.236]            // skip if-block "jep106id != 0x20"
[22:00:55.236]          </control>
[22:00:55.236]        </sequence>
[22:00:55.236]    </block>
[22:00:55.236]  </sequence>
[22:00:55.237]  
[22:00:55.237]  **********  Sequence "DebugCoreStart"  (Context="Target Access", Pname="", info="")
[22:00:55.237]  
[22:00:55.237]  <debugvars>
[22:00:55.237]    // Pre-defined
[22:00:55.237]    __protocol=0x00010002      (Protocol="SWD", SWJ-DP="True")
[22:00:55.237]    __connection=0x00000202    (Connection Type="Flash", Reset Type="System Reset")
[22:00:55.238]    __dp=0x00000000
[22:00:55.238]    __ap=0x00000000
[22:00:55.238]    __traceout=0x00000001      (SWO Trace)
[22:00:55.238]    __errorcontrol=0x00000000  (Skip Errors="False")
[22:00:55.238]    __FlashAddr=0x00000000
[22:00:55.238]    __FlashLen=0x00000000
[22:00:55.239]    __FlashArg=0x00000000
[22:00:55.239]    __FlashOp=0x00000000
[22:00:55.239]    __Result=0x00000000
[22:00:55.239]    
[22:00:55.239]    // User-defined
[22:00:55.239]    DbgMCU_CR=0x00000007
[22:00:55.239]  </debugvars>
[22:00:55.240]  
[22:00:55.240]  <sequence name="DebugCoreStart" Pname="" disable="false" info="">
[22:00:55.240]    <block atomic="false" info="">
[22:00:55.240]      Write32(0xE000EDF0, 0xA05F0001);                                        // Enable Core Debug via DHCSR
[22:00:55.241]        // -> [Write32(0xE000EDF0, 0xA05F0001)]   (__dp=0x00000000, __ap=0x00000000)
[22:00:55.241]      Write32(0xE0042004, DbgMCU_CR);                                         // DBGMCU_CR: Configure MCU Debug
[22:00:55.241]        // -> [Write32(0xE0042004, 0x00000007)]   (__dp=0x00000000, __ap=0x00000000)
[22:00:55.242]    </block>
[22:00:55.242]  </sequence>
[22:00:55.242]  
[22:01:23.602]  **********  Sequence "DebugDeviceUnlock"  (Context="Target Access", Pname="", info="")
[22:01:23.602]  
[22:01:23.602]  <debugvars>
[22:01:23.602]    // Pre-defined
[22:01:23.603]    __protocol=0x00010002      (Protocol="SWD", SWJ-DP="True")
[22:01:23.603]    __connection=0x00000202    (Connection Type="Flash", Reset Type="System Reset")
[22:01:23.603]    __dp=0x00000000
[22:01:23.603]    __ap=0x00000000
[22:01:23.603]    __traceout=0x00000001      (SWO Trace)
[22:01:23.604]    __errorcontrol=0x00000000  (Skip Errors="False")
[22:01:23.604]    __FlashAddr=0x00000000
[22:01:23.604]    __FlashLen=0x00000000
[22:01:23.604]    __FlashArg=0x00000000
[22:01:23.604]    __FlashOp=0x00000000
[22:01:23.604]    __Result=0x00000000
[22:01:23.605]    
[22:01:23.605]    // User-defined
[22:01:23.605]    DbgMCU_CR=0x00000007
[22:01:23.605]  </debugvars>
[22:01:23.605]  
[22:01:23.605]  <sequence name="DebugDeviceUnlock" Pname="" disable="false" info="">
[22:01:23.605]    <block atomic="false" info="">
[22:01:23.606]      Sequence("CheckID");
[22:01:23.606]        <sequence name="CheckID" Pname="" disable="false" info="">
[22:01:23.606]          <block atomic="false" info="">
[22:01:23.606]            __var pidr1 = 0;
[22:01:23.606]              // -> [pidr1 <= 0x00000000]
[22:01:23.607]            __var pidr2 = 0;
[22:01:23.607]              // -> [pidr2 <= 0x00000000]
[22:01:23.607]            __var jep106id = 0;
[22:01:23.607]              // -> [jep106id <= 0x00000000]
[22:01:23.607]            __var ROMTableBase = 0;
[22:01:23.607]              // -> [ROMTableBase <= 0x00000000]
[22:01:23.608]            __ap = 0;      // AHB-AP
[22:01:23.608]              // -> [__ap <= 0x00000000]
[22:01:23.608]            ROMTableBase = ReadAP(0xF8) & ~0x3;
[22:01:23.608]              // -> [ReadAP(0x000000F8) => 0xE00FF003]   (__dp=0x00000000, __ap=0x00000000)
[22:01:23.608]              // -> [ROMTableBase <= 0xE00FF000]
[22:01:23.609]            pidr1 = Read32(ROMTableBase + 0x0FE4);
[22:01:23.609]              // -> [Read32(0xE00FFFE4) => 0x00000004]   (__dp=0x00000000, __ap=0x00000000)
[22:01:23.609]              // -> [pidr1 <= 0x00000004]
[22:01:23.610]            pidr2 = Read32(ROMTableBase + 0x0FE8);
[22:01:23.610]              // -> [Read32(0xE00FFFE8) => 0x0000000A]   (__dp=0x00000000, __ap=0x00000000)
[22:01:23.610]              // -> [pidr2 <= 0x0000000A]
[22:01:23.610]            jep106id = ((pidr2 & 0x7) << 4 ) | ((pidr1 >> 4) & 0xF);
[22:01:23.611]              // -> [jep106id <= 0x00000020]
[22:01:23.611]          </block>
[22:01:23.611]          <control if="jep106id != 0x20" while="" timeout="0" info="">
[22:01:23.611]            // if-block "jep106id != 0x20"
[22:01:23.611]              // =>  FALSE
[22:01:23.611]            // skip if-block "jep106id != 0x20"
[22:01:23.612]          </control>
[22:01:23.612]        </sequence>
[22:01:23.612]    </block>
[22:01:23.612]  </sequence>
[22:01:23.612]  
[22:01:23.612]  **********  Sequence "DebugCoreStart"  (Context="Target Access", Pname="", info="")
[22:01:23.612]  
[22:01:23.612]  <debugvars>
[22:01:23.612]    // Pre-defined
[22:01:23.614]    __protocol=0x00010002      (Protocol="SWD", SWJ-DP="True")
[22:01:23.614]    __connection=0x00000202    (Connection Type="Flash", Reset Type="System Reset")
[22:01:23.614]    __dp=0x00000000
[22:01:23.614]    __ap=0x00000000
[22:01:23.615]    __traceout=0x00000001      (SWO Trace)
[22:01:23.615]    __errorcontrol=0x00000000  (Skip Errors="False")
[22:01:23.615]    __FlashAddr=0x00000000
[22:01:23.616]    __FlashLen=0x00000000
[22:01:23.616]    __FlashArg=0x00000000
[22:01:23.616]    __FlashOp=0x00000000
[22:01:23.616]    __Result=0x00000000
[22:01:23.616]    
[22:01:23.616]    // User-defined
[22:01:23.616]    DbgMCU_CR=0x00000007
[22:01:23.617]  </debugvars>
[22:01:23.617]  
[22:01:23.617]  <sequence name="DebugCoreStart" Pname="" disable="false" info="">
[22:01:23.617]    <block atomic="false" info="">
[22:01:23.617]      Write32(0xE000EDF0, 0xA05F0001);                                        // Enable Core Debug via DHCSR
[22:01:23.618]        // -> [Write32(0xE000EDF0, 0xA05F0001)]   (__dp=0x00000000, __ap=0x00000000)
[22:01:23.618]      Write32(0xE0042004, DbgMCU_CR);                                         // DBGMCU_CR: Configure MCU Debug
[22:01:23.619]        // -> [Write32(0xE0042004, 0x00000007)]   (__dp=0x00000000, __ap=0x00000000)
[22:01:23.619]    </block>
[22:01:23.619]  </sequence>
[22:01:23.619]  
[22:02:00.301]  **********  Sequence "DebugDeviceUnlock"  (Context="Target Access", Pname="", info="")
[22:02:00.301]  
[22:02:00.301]  <debugvars>
[22:02:00.301]    // Pre-defined
[22:02:00.302]    __protocol=0x00010002      (Protocol="SWD", SWJ-DP="True")
[22:02:00.302]    __connection=0x00000202    (Connection Type="Flash", Reset Type="System Reset")
[22:02:00.302]    __dp=0x00000000
[22:02:00.302]    __ap=0x00000000
[22:02:00.303]    __traceout=0x00000001      (SWO Trace)
[22:02:00.303]    __errorcontrol=0x00000000  (Skip Errors="False")
[22:02:00.303]    __FlashAddr=0x00000000
[22:02:00.303]    __FlashLen=0x00000000
[22:02:00.303]    __FlashArg=0x00000000
[22:02:00.303]    __FlashOp=0x00000000
[22:02:00.303]    __Result=0x00000000
[22:02:00.303]    
[22:02:00.303]    // User-defined
[22:02:00.304]    DbgMCU_CR=0x00000007
[22:02:00.304]  </debugvars>
[22:02:00.304]  
[22:02:00.305]  <sequence name="DebugDeviceUnlock" Pname="" disable="false" info="">
[22:02:00.305]    <block atomic="false" info="">
[22:02:00.305]      Sequence("CheckID");
[22:02:00.305]        <sequence name="CheckID" Pname="" disable="false" info="">
[22:02:00.305]          <block atomic="false" info="">
[22:02:00.305]            __var pidr1 = 0;
[22:02:00.306]              // -> [pidr1 <= 0x00000000]
[22:02:00.306]            __var pidr2 = 0;
[22:02:00.306]              // -> [pidr2 <= 0x00000000]
[22:02:00.306]            __var jep106id = 0;
[22:02:00.306]              // -> [jep106id <= 0x00000000]
[22:02:00.306]            __var ROMTableBase = 0;
[22:02:00.306]              // -> [ROMTableBase <= 0x00000000]
[22:02:00.307]            __ap = 0;      // AHB-AP
[22:02:00.307]              // -> [__ap <= 0x00000000]
[22:02:00.307]            ROMTableBase = ReadAP(0xF8) & ~0x3;
[22:02:00.307]              // -> [ReadAP(0x000000F8) => 0xE00FF003]   (__dp=0x00000000, __ap=0x00000000)
[22:02:00.307]              // -> [ROMTableBase <= 0xE00FF000]
[22:02:00.308]            pidr1 = Read32(ROMTableBase + 0x0FE4);
[22:02:00.308]              // -> [Read32(0xE00FFFE4) => 0x00000004]   (__dp=0x00000000, __ap=0x00000000)
[22:02:00.308]              // -> [pidr1 <= 0x00000004]
[22:02:00.308]            pidr2 = Read32(ROMTableBase + 0x0FE8);
[22:02:00.309]              // -> [Read32(0xE00FFFE8) => 0x0000000A]   (__dp=0x00000000, __ap=0x00000000)
[22:02:00.309]              // -> [pidr2 <= 0x0000000A]
[22:02:00.309]            jep106id = ((pidr2 & 0x7) << 4 ) | ((pidr1 >> 4) & 0xF);
[22:02:00.309]              // -> [jep106id <= 0x00000020]
[22:02:00.309]          </block>
[22:02:00.309]          <control if="jep106id != 0x20" while="" timeout="0" info="">
[22:02:00.309]            // if-block "jep106id != 0x20"
[22:02:00.310]              // =>  FALSE
[22:02:00.310]            // skip if-block "jep106id != 0x20"
[22:02:00.310]          </control>
[22:02:00.310]        </sequence>
[22:02:00.310]    </block>
[22:02:00.310]  </sequence>
[22:02:00.311]  
[22:02:00.311]  **********  Sequence "DebugCoreStart"  (Context="Target Access", Pname="", info="")
[22:02:00.311]  
[22:02:00.311]  <debugvars>
[22:02:00.311]    // Pre-defined
[22:02:00.311]    __protocol=0x00010002      (Protocol="SWD", SWJ-DP="True")
[22:02:00.311]    __connection=0x00000202    (Connection Type="Flash", Reset Type="System Reset")
[22:02:00.312]    __dp=0x00000000
[22:02:00.312]    __ap=0x00000000
[22:02:00.312]    __traceout=0x00000001      (SWO Trace)
[22:02:00.312]    __errorcontrol=0x00000000  (Skip Errors="False")
[22:02:00.312]    __FlashAddr=0x00000000
[22:02:00.312]    __FlashLen=0x00000000
[22:02:00.313]    __FlashArg=0x00000000
[22:02:00.313]    __FlashOp=0x00000000
[22:02:00.313]    __Result=0x00000000
[22:02:00.313]    
[22:02:00.313]    // User-defined
[22:02:00.313]    DbgMCU_CR=0x00000007
[22:02:00.313]  </debugvars>
[22:02:00.313]  
[22:02:00.314]  <sequence name="DebugCoreStart" Pname="" disable="false" info="">
[22:02:00.314]    <block atomic="false" info="">
[22:02:00.314]      Write32(0xE000EDF0, 0xA05F0001);                                        // Enable Core Debug via DHCSR
[22:02:00.314]        // -> [Write32(0xE000EDF0, 0xA05F0001)]   (__dp=0x00000000, __ap=0x00000000)
[22:02:00.315]      Write32(0xE0042004, DbgMCU_CR);                                         // DBGMCU_CR: Configure MCU Debug
[22:02:00.315]        // -> [Write32(0xE0042004, 0x00000007)]   (__dp=0x00000000, __ap=0x00000000)
[22:02:00.315]    </block>
[22:02:00.316]  </sequence>
[22:02:00.316]  
